<?xml version="1.0" encoding="UTF-8"?>
<!-- Generated by org.testng.reporters.JUnitReportReporter -->
<testsuite hostname="Val" failures="2" tests="6" name="com.buildpiper.testcases.MajorRelease3_1" time="513.383" errors="1" timestamp="2023-07-23T15:52:06 IST" skipped="0">
  <testcase classname="com.buildpiper.testcases.MajorRelease3_1" name="v3TemplateActions" time="83.452"/>
  <system-out>
checking if driver exist Getting driver  Getting driver  Getting driver  Setting driver C:\Users\sagar\Java_Workspace\BP-3.1MajorRelease\Reports\23Jul_154330\v3TemplateActions_chrome\v3TemplateActions_chrome_204_Jul_154334.jpg <a href=C:\Users\sagar\Java_Workspace\BP-3.1MajorRelease\Reports\23Jul_154330\v3TemplateActions_chrome\v3TemplateActions_chrome_204_Jul_154334.jpg alt='alternative text'>Step</a> Getting driver  C:\Users\sagar\Java_Workspace\BP-3.1MajorRelease\Reports\23Jul_154330\v3TemplateActions_chrome\v3TemplateActions_chrome_204_Jul_154334.jpg <a href=C:\Users\sagar\Java_Workspace\BP-3.1MajorRelease\Reports\23Jul_154330\v3TemplateActions_chrome\v3TemplateActions_chrome_204_Jul_154334.jpg alt='alternative text'>Step</a> Launching driver C:\Users\sagar\Java_Workspace\BP-3.1MajorRelease\Reports\23Jul_154330\v3TemplateActions_chrome\v3TemplateActions_chrome_204_Jul_154334.jpg <a href=C:\Users\sagar\Java_Workspace\BP-3.1MajorRelease\Reports\23Jul_154330\v3TemplateActions_chrome\v3TemplateActions_chrome_204_Jul_154334.jpg alt='alternative text'>Step</a> Executing; ui_launch Element [[ChromeDriver: chrome on WINDOWS (494a12d52f58dc418682c4c525f148ad)] -> name: email]is displayed on screen Setting value on element USER_NAME C:\Users\sagar\Java_Workspace\BP-3.1MajorRelease\Reports\23Jul_154330\v3TemplateActions_chrome\v3TemplateActions_chrome_204_Jul_154413.jpg <a href=C:\Users\sagar\Java_Workspace\BP-3.1MajorRelease\Reports\23Jul_154330\v3TemplateActions_chrome\v3TemplateActions_chrome_204_Jul_154413.jpg alt='alternative text'>Step</a> Element [[ChromeDriver: chrome on WINDOWS (494a12d52f58dc418682c4c525f148ad)] -> name: password]is displayed on screen Setting value on element PASSWORD C:\Users\sagar\Java_Workspace\BP-3.1MajorRelease\Reports\23Jul_154330\v3TemplateActions_chrome\v3TemplateActions_chrome_204_Jul_154414.jpg <a href=C:\Users\sagar\Java_Workspace\BP-3.1MajorRelease\Reports\23Jul_154330\v3TemplateActions_chrome\v3TemplateActions_chrome_204_Jul_154414.jpg alt='alternative text'>Step</a> Element [[ChromeDriver: chrome on WINDOWS (494a12d52f58dc418682c4c525f148ad)] -> xpath: //button[@type='submit']]is displayed on screen Clicking on element LOGIN_BTN C:\Users\sagar\Java_Workspace\BP-3.1MajorRelease\Reports\23Jul_154330\v3TemplateActions_chrome\v3TemplateActions_chrome_204_Jul_154415.jpg <a href=C:\Users\sagar\Java_Workspace\BP-3.1MajorRelease\Reports\23Jul_154330\v3TemplateActions_chrome\v3TemplateActions_chrome_204_Jul_154415.jpg alt='alternative text'>Step</a> Successful navigation is validated for LoginPage Getting driver  C:\Users\sagar\Java_Workspace\BP-3.1MajorRelease\Reports\23Jul_154330\v3TemplateActions_chrome\v3TemplateActions_chrome_204_Jul_154415.jpg <a href=C:\Users\sagar\Java_Workspace\BP-3.1MajorRelease\Reports\23Jul_154330\v3TemplateActions_chrome\v3TemplateActions_chrome_204_Jul_154415.jpg alt='alternative text'>Step</a> checking if driver exist C:\Users\sagar\Java_Workspace\BP-3.1MajorRelease\Reports\23Jul_154330\v3TemplateActions_chrome\v3TemplateActions_chrome_204_Jul_154416.jpg <a href=C:\Users\sagar\Java_Workspace\BP-3.1MajorRelease\Reports\23Jul_154330\v3TemplateActions_chrome\v3TemplateActions_chrome_204_Jul_154416.jpg alt='alternative text'>Step</a> Getting driver  C:\Users\sagar\Java_Workspace\BP-3.1MajorRelease\Reports\23Jul_154330\v3TemplateActions_chrome\v3TemplateActions_chrome_204_Jul_154417.jpg <a href=C:\Users\sagar\Java_Workspace\BP-3.1MajorRelease\Reports\23Jul_154330\v3TemplateActions_chrome\v3TemplateActions_chrome_204_Jul_154417.jpg alt='alternative text'>Step</a> Getting driver  C:\Users\sagar\Java_Workspace\BP-3.1MajorRelease\Reports\23Jul_154330\v3TemplateActions_chrome\v3TemplateActions_chrome_204_Jul_154417.jpg <a href=C:\Users\sagar\Java_Workspace\BP-3.1MajorRelease\Reports\23Jul_154330\v3TemplateActions_chrome\v3TemplateActions_chrome_204_Jul_154417.jpg alt='alternative text'>Step</a> checking if driver exist C:\Users\sagar\Java_Workspace\BP-3.1MajorRelease\Reports\23Jul_154330\v3TemplateActions_chrome\v3TemplateActions_chrome_204_Jul_154418.jpg <a href=C:\Users\sagar\Java_Workspace\BP-3.1MajorRelease\Reports\23Jul_154330\v3TemplateActions_chrome\v3TemplateActions_chrome_204_Jul_154418.jpg alt='alternative text'>Step</a> Getting driver  C:\Users\sagar\Java_Workspace\BP-3.1MajorRelease\Reports\23Jul_154330\v3TemplateActions_chrome\v3TemplateActions_chrome_204_Jul_154419.jpg <a href=C:\Users\sagar\Java_Workspace\BP-3.1MajorRelease\Reports\23Jul_154330\v3TemplateActions_chrome\v3TemplateActions_chrome_204_Jul_154419.jpg alt='alternative text'>Step</a> Getting driver  C:\Users\sagar\Java_Workspace\BP-3.1MajorRelease\Reports\23Jul_154330\v3TemplateActions_chrome\v3TemplateActions_chrome_204_Jul_154419.jpg <a href=C:\Users\sagar\Java_Workspace\BP-3.1MajorRelease\Reports\23Jul_154330\v3TemplateActions_chrome\v3TemplateActions_chrome_204_Jul_154419.jpg alt='alternative text'>Step</a> Element [[ChromeDriver: chrome on WINDOWS (494a12d52f58dc418682c4c525f148ad)] -> xpath: //button[@type='button' and @aria-controls='menu-appbar']//div//div]is displayed on screen  Element +[[ChromeDriver: chrome on WINDOWS (494a12d52f58dc418682c4c525f148ad)] -> xpath: //button[@type='button' and @aria-controls='menu-appbar']//div//div] is not clickable using selenium click C:\Users\sagar\Java_Workspace\BP-3.1MajorRelease\Reports\23Jul_154330\v3TemplateActions_chrome\v3TemplateActions_chrome_204_Jul_154426.jpg <a href=C:\Users\sagar\Java_Workspace\BP-3.1MajorRelease\Reports\23Jul_154330\v3TemplateActions_chrome\v3TemplateActions_chrome_204_Jul_154426.jpg alt='alternative text'>Step</a> Clicking on element userMenuAppBar C:\Users\sagar\Java_Workspace\BP-3.1MajorRelease\Reports\23Jul_154330\v3TemplateActions_chrome\v3TemplateActions_chrome_204_Jul_154426.jpg <a href=C:\Users\sagar\Java_Workspace\BP-3.1MajorRelease\Reports\23Jul_154330\v3TemplateActions_chrome\v3TemplateActions_chrome_204_Jul_154426.jpg alt='alternative text'>Step</a> Element [[ChromeDriver: chrome on WINDOWS (494a12d52f58dc418682c4c525f148ad)] -> xpath: //button[contains(@class,'btn-link-green')][text()=' Switch to User Portal']]is displayed on screen Clicking on element switching to user account C:\Users\sagar\Java_Workspace\BP-3.1MajorRelease\Reports\23Jul_154330\v3TemplateActions_chrome\v3TemplateActions_chrome_204_Jul_154427.jpg <a href=C:\Users\sagar\Java_Workspace\BP-3.1MajorRelease\Reports\23Jul_154330\v3TemplateActions_chrome\v3TemplateActions_chrome_204_Jul_154427.jpg alt='alternative text'>Step</a> checking if driver exist C:\Users\sagar\Java_Workspace\BP-3.1MajorRelease\Reports\23Jul_154330\v3TemplateActions_chrome\v3TemplateActions_chrome_204_Jul_154427.jpg <a href=C:\Users\sagar\Java_Workspace\BP-3.1MajorRelease\Reports\23Jul_154330\v3TemplateActions_chrome\v3TemplateActions_chrome_204_Jul_154427.jpg alt='alternative text'>Step</a> Getting driver  C:\Users\sagar\Java_Workspace\BP-3.1MajorRelease\Reports\23Jul_154330\v3TemplateActions_chrome\v3TemplateActions_chrome_204_Jul_154427.jpg <a href=C:\Users\sagar\Java_Workspace\BP-3.1MajorRelease\Reports\23Jul_154330\v3TemplateActions_chrome\v3TemplateActions_chrome_204_Jul_154427.jpg alt='alternative text'>Step</a> Getting driver  C:\Users\sagar\Java_Workspace\BP-3.1MajorRelease\Reports\23Jul_154330\v3TemplateActions_chrome\v3TemplateActions_chrome_204_Jul_154427.jpg <a href=C:\Users\sagar\Java_Workspace\BP-3.1MajorRelease\Reports\23Jul_154330\v3TemplateActions_chrome\v3TemplateActions_chrome_204_Jul_154427.jpg alt='alternative text'>Step</a> Element [[ChromeDriver: chrome on WINDOWS (494a12d52f58dc418682c4c525f148ad)] -> xpath: //li//button[contains(@class,'main-nav-1')]//span[1][@title]]is displayed on screen Element is present [[ChromeDriver: chrome on WINDOWS (494a12d52f58dc418682c4c525f148ad)] -> xpath: //li//button[contains(@class,'main-nav-1')]//span[1][@title]] C:\Users\sagar\Java_Workspace\BP-3.1MajorRelease\Reports\23Jul_154330\v3TemplateActions_chrome\v3TemplateActions_chrome_204_Jul_154433.jpg <a href=C:\Users\sagar\Java_Workspace\BP-3.1MajorRelease\Reports\23Jul_154330\v3TemplateActions_chrome\v3TemplateActions_chrome_204_Jul_154433.jpg alt='alternative text'>Step</a> Element [[ChromeDriver: chrome on WINDOWS (494a12d52f58dc418682c4c525f148ad)] -> xpath: //button//span[2][@class='flaticon-expand-arrow']/../..//div//span[@title='Job Templates']]is displayed on screen Element is present [[ChromeDriver: chrome on WINDOWS (494a12d52f58dc418682c4c525f148ad)] -> xpath: //button//span[2][@class='flaticon-expand-arrow']/../..//div//span[@title='Job Templates']] C:\Users\sagar\Java_Workspace\BP-3.1MajorRelease\Reports\23Jul_154330\v3TemplateActions_chrome\v3TemplateActions_chrome_204_Jul_154433.jpg <a href=C:\Users\sagar\Java_Workspace\BP-3.1MajorRelease\Reports\23Jul_154330\v3TemplateActions_chrome\v3TemplateActions_chrome_204_Jul_154433.jpg alt='alternative text'>Step</a> Element [[ChromeDriver: chrome on WINDOWS (494a12d52f58dc418682c4c525f148ad)] -> xpath: //button//span[2][@class='flaticon-expand-arrow']/../..//div//span[@title='Job Templates']]is displayed on screen Clicking on element User clicks on job template link in left panel C:\Users\sagar\Java_Workspace\BP-3.1MajorRelease\Reports\23Jul_154330\v3TemplateActions_chrome\v3TemplateActions_chrome_204_Jul_154434.jpg <a href=C:\Users\sagar\Java_Workspace\BP-3.1MajorRelease\Reports\23Jul_154330\v3TemplateActions_chrome\v3TemplateActions_chrome_204_Jul_154434.jpg alt='alternative text'>Step</a> Element [[ChromeDriver: chrome on WINDOWS (494a12d52f58dc418682c4c525f148ad)] -> xpath: //div[text()='perfeasy-testing-v3']]is displayed on screen Element is present [[ChromeDriver: chrome on WINDOWS (494a12d52f58dc418682c4c525f148ad)] -> xpath: //div[text()='perfeasy-testing-v3']] C:\Users\sagar\Java_Workspace\BP-3.1MajorRelease\Reports\23Jul_154330\v3TemplateActions_chrome\v3TemplateActions_chrome_204_Jul_154435.jpg <a href=C:\Users\sagar\Java_Workspace\BP-3.1MajorRelease\Reports\23Jul_154330\v3TemplateActions_chrome\v3TemplateActions_chrome_204_Jul_154435.jpg alt='alternative text'>Step</a> Element [[ChromeDriver: chrome on WINDOWS (494a12d52f58dc418682c4c525f148ad)] -> xpath: //div//p//div[text()='perfeasy-testing-v3']/../../../../..//a[@class='text-anchor-blue'][contains(@href,'/application/')][contains(@href,'/application/')]]is displayed on screen Clicking on element User clicks on job template edit C:\Users\sagar\Java_Workspace\BP-3.1MajorRelease\Reports\23Jul_154330\v3TemplateActions_chrome\v3TemplateActions_chrome_204_Jul_154435.jpg <a href=C:\Users\sagar\Java_Workspace\BP-3.1MajorRelease\Reports\23Jul_154330\v3TemplateActions_chrome\v3TemplateActions_chrome_204_Jul_154435.jpg alt='alternative text'>Step</a> Element [[ChromeDriver: chrome on WINDOWS (494a12d52f58dc418682c4c525f148ad)] -> xpath: //label[text()='integration_Job']/..//button[@class='transparent-btn nowrap']]is displayed on screen  Element +[[ChromeDriver: chrome on WINDOWS (494a12d52f58dc418682c4c525f148ad)] -> xpath: //label[text()='integration_Job']/..//button[@class='transparent-btn nowrap']] is not clickable using selenium click C:\Users\sagar\Java_Workspace\BP-3.1MajorRelease\Reports\23Jul_154330\v3TemplateActions_chrome\v3TemplateActions_chrome_204_Jul_154438.jpg <a href=C:\Users\sagar\Java_Workspace\BP-3.1MajorRelease\Reports\23Jul_154330\v3TemplateActions_chrome\v3TemplateActions_chrome_204_Jul_154438.jpg alt='alternative text'>Step</a> Clicking on element User Clicks on eye button over Integration Job C:\Users\sagar\Java_Workspace\BP-3.1MajorRelease\Reports\23Jul_154330\v3TemplateActions_chrome\v3TemplateActions_chrome_204_Jul_154438.jpg <a href=C:\Users\sagar\Java_Workspace\BP-3.1MajorRelease\Reports\23Jul_154330\v3TemplateActions_chrome\v3TemplateActions_chrome_204_Jul_154438.jpg alt='alternative text'>Step</a> Element [[ChromeDriver: chrome on WINDOWS (494a12d52f58dc418682c4c525f148ad)] -> xpath: //div[contains(@class,'step-card-design')]//label[text()='integration_testing']/..//button[@class='transparent-btn nowrap']]is displayed on screen  Element +[[ChromeDriver: chrome on WINDOWS (494a12d52f58dc418682c4c525f148ad)] -> xpath: //div[contains(@class,'step-card-design')]//label[text()='integration_testing']/..//button[@class='transparent-btn nowrap']] is not clickable using selenium click C:\Users\sagar\Java_Workspace\BP-3.1MajorRelease\Reports\23Jul_154330\v3TemplateActions_chrome\v3TemplateActions_chrome_204_Jul_154440.jpg <a href=C:\Users\sagar\Java_Workspace\BP-3.1MajorRelease\Reports\23Jul_154330\v3TemplateActions_chrome\v3TemplateActions_chrome_204_Jul_154440.jpg alt='alternative text'>Step</a> Clicking on element User clicks on edit integration details C:\Users\sagar\Java_Workspace\BP-3.1MajorRelease\Reports\23Jul_154330\v3TemplateActions_chrome\v3TemplateActions_chrome_204_Jul_154440.jpg <a href=C:\Users\sagar\Java_Workspace\BP-3.1MajorRelease\Reports\23Jul_154330\v3TemplateActions_chrome\v3TemplateActions_chrome_204_Jul_154440.jpg alt='alternative text'>Step</a> Element [[ChromeDriver: chrome on WINDOWS (494a12d52f58dc418682c4c525f148ad)] -> xpath: //div[text()='Edit Step']]is displayed on screen Clicking on element User clicks on edit integration step button C:\Users\sagar\Java_Workspace\BP-3.1MajorRelease\Reports\23Jul_154330\v3TemplateActions_chrome\v3TemplateActions_chrome_204_Jul_154440.jpg <a href=C:\Users\sagar\Java_Workspace\BP-3.1MajorRelease\Reports\23Jul_154330\v3TemplateActions_chrome\v3TemplateActions_chrome_204_Jul_154440.jpg alt='alternative text'>Step</a> Element [[ChromeDriver: chrome on WINDOWS (494a12d52f58dc418682c4c525f148ad)] -> xpath: //div[@class='custom-notify-header']/../..//button[text()='Close']]is displayed on screen Clicking on element User clicks on close edit step button C:\Users\sagar\Java_Workspace\BP-3.1MajorRelease\Reports\23Jul_154330\v3TemplateActions_chrome\v3TemplateActions_chrome_204_Jul_154441.jpg <a href=C:\Users\sagar\Java_Workspace\BP-3.1MajorRelease\Reports\23Jul_154330\v3TemplateActions_chrome\v3TemplateActions_chrome_204_Jul_154441.jpg alt='alternative text'>Step</a> Element [[ChromeDriver: chrome on WINDOWS (494a12d52f58dc418682c4c525f148ad)] -> xpath: //label[text()='Add New Step']]is displayed on screen Clicking on element User clicks on add new step for integration job C:\Users\sagar\Java_Workspace\BP-3.1MajorRelease\Reports\23Jul_154330\v3TemplateActions_chrome\v3TemplateActions_chrome_204_Jul_154441.jpg <a href=C:\Users\sagar\Java_Workspace\BP-3.1MajorRelease\Reports\23Jul_154330\v3TemplateActions_chrome\v3TemplateActions_chrome_204_Jul_154441.jpg alt='alternative text'>Step</a> Element [[ChromeDriver: chrome on WINDOWS (494a12d52f58dc418682c4c525f148ad)] -> xpath: //label[text()='No Steps Selected']]is displayed on screen Element is present [[ChromeDriver: chrome on WINDOWS (494a12d52f58dc418682c4c525f148ad)] -> xpath: //label[text()='No Steps Selected']] C:\Users\sagar\Java_Workspace\BP-3.1MajorRelease\Reports\23Jul_154330\v3TemplateActions_chrome\v3TemplateActions_chrome_204_Jul_154442.jpg <a href=C:\Users\sagar\Java_Workspace\BP-3.1MajorRelease\Reports\23Jul_154330\v3TemplateActions_chrome\v3TemplateActions_chrome_204_Jul_154442.jpg alt='alternative text'>Step</a> Element [[ChromeDriver: chrome on WINDOWS (494a12d52f58dc418682c4c525f148ad)] -> xpath: //div[@class='click-btn']]is displayed on screen  Element +[[ChromeDriver: chrome on WINDOWS (494a12d52f58dc418682c4c525f148ad)] -> xpath: //div[@class='click-btn']] is not clickable using selenium click C:\Users\sagar\Java_Workspace\BP-3.1MajorRelease\Reports\23Jul_154330\v3TemplateActions_chrome\v3TemplateActions_chrome_204_Jul_154444.jpg <a href=C:\Users\sagar\Java_Workspace\BP-3.1MajorRelease\Reports\23Jul_154330\v3TemplateActions_chrome\v3TemplateActions_chrome_204_Jul_154444.jpg alt='alternative text'>Step</a> Clicking on element User clicks on random step to be added C:\Users\sagar\Java_Workspace\BP-3.1MajorRelease\Reports\23Jul_154330\v3TemplateActions_chrome\v3TemplateActions_chrome_204_Jul_154445.jpg <a href=C:\Users\sagar\Java_Workspace\BP-3.1MajorRelease\Reports\23Jul_154330\v3TemplateActions_chrome\v3TemplateActions_chrome_204_Jul_154445.jpg alt='alternative text'>Step</a> Element [[ChromeDriver: chrome on WINDOWS (494a12d52f58dc418682c4c525f148ad)] -> xpath: //input[@name='WORKSPACE']]is displayed on screen Setting value on element sets value for input workspace field C:\Users\sagar\Java_Workspace\BP-3.1MajorRelease\Reports\23Jul_154330\v3TemplateActions_chrome\v3TemplateActions_chrome_204_Jul_154445.jpg <a href=C:\Users\sagar\Java_Workspace\BP-3.1MajorRelease\Reports\23Jul_154330\v3TemplateActions_chrome\v3TemplateActions_chrome_204_Jul_154445.jpg alt='alternative text'>Step</a> Element [[ChromeDriver: chrome on WINDOWS (494a12d52f58dc418682c4c525f148ad)] -> xpath: //input[@name='INSTRUCTION']]is displayed on screen Setting value on element Instructions Text C:\Users\sagar\Java_Workspace\BP-3.1MajorRelease\Reports\23Jul_154330\v3TemplateActions_chrome\v3TemplateActions_chrome_204_Jul_154445.jpg <a href=C:\Users\sagar\Java_Workspace\BP-3.1MajorRelease\Reports\23Jul_154330\v3TemplateActions_chrome\v3TemplateActions_chrome_204_Jul_154445.jpg alt='alternative text'>Step</a> Element [[ChromeDriver: chrome on WINDOWS (494a12d52f58dc418682c4c525f148ad)] -> xpath: //a[@class='addbtn' and text()='Add Custom Variable']]is displayed on screen Clicking on element User clicks on add custom step button C:\Users\sagar\Java_Workspace\BP-3.1MajorRelease\Reports\23Jul_154330\v3TemplateActions_chrome\v3TemplateActions_chrome_204_Jul_154446.jpg <a href=C:\Users\sagar\Java_Workspace\BP-3.1MajorRelease\Reports\23Jul_154330\v3TemplateActions_chrome\v3TemplateActions_chrome_204_Jul_154446.jpg alt='alternative text'>Step</a> Element [[ChromeDriver: chrome on WINDOWS (494a12d52f58dc418682c4c525f148ad)] -> xpath: //input[@name='variable_name']]is displayed on screen Element is present [[ChromeDriver: chrome on WINDOWS (494a12d52f58dc418682c4c525f148ad)] -> xpath: //input[@name='variable_name']] C:\Users\sagar\Java_Workspace\BP-3.1MajorRelease\Reports\23Jul_154330\v3TemplateActions_chrome\v3TemplateActions_chrome_204_Jul_154446.jpg <a href=C:\Users\sagar\Java_Workspace\BP-3.1MajorRelease\Reports\23Jul_154330\v3TemplateActions_chrome\v3TemplateActions_chrome_204_Jul_154446.jpg alt='alternative text'>Step</a> Element [[ChromeDriver: chrome on WINDOWS (494a12d52f58dc418682c4c525f148ad)] -> xpath: (//button[@class='btn btn-submit'])[2]]is displayed on screen Clicking on element User clicks on add variable hyperlink C:\Users\sagar\Java_Workspace\BP-3.1MajorRelease\Reports\23Jul_154330\v3TemplateActions_chrome\v3TemplateActions_chrome_204_Jul_154447.jpg <a href=C:\Users\sagar\Java_Workspace\BP-3.1MajorRelease\Reports\23Jul_154330\v3TemplateActions_chrome\v3TemplateActions_chrome_204_Jul_154447.jpg alt='alternative text'>Step</a> Element [[ChromeDriver: chrome on WINDOWS (494a12d52f58dc418682c4c525f148ad)] -> xpath: (//button[@class='btn btn-submit'])[3]]is displayed on screen Clicking on element User clicks on save maven button C:\Users\sagar\Java_Workspace\BP-3.1MajorRelease\Reports\23Jul_154330\v3TemplateActions_chrome\v3TemplateActions_chrome_204_Jul_154447.jpg <a href=C:\Users\sagar\Java_Workspace\BP-3.1MajorRelease\Reports\23Jul_154330\v3TemplateActions_chrome\v3TemplateActions_chrome_204_Jul_154447.jpg alt='alternative text'>Step</a> Element [[ChromeDriver: chrome on WINDOWS (494a12d52f58dc418682c4c525f148ad)] -> xpath: //button[@class='btn btn-submit'][text()='Save']]is displayed on screen  Element +[[ChromeDriver: chrome on WINDOWS (494a12d52f58dc418682c4c525f148ad)] -> xpath: //button[@class='btn btn-submit'][text()='Save']] is not clickable using selenium click C:\Users\sagar\Java_Workspace\BP-3.1MajorRelease\Reports\23Jul_154330\v3TemplateActions_chrome\v3TemplateActions_chrome_204_Jul_154449.jpg <a href=C:\Users\sagar\Java_Workspace\BP-3.1MajorRelease\Reports\23Jul_154330\v3TemplateActions_chrome\v3TemplateActions_chrome_204_Jul_154449.jpg alt='alternative text'>Step</a> Clicking on element User clicks on save step button C:\Users\sagar\Java_Workspace\BP-3.1MajorRelease\Reports\23Jul_154330\v3TemplateActions_chrome\v3TemplateActions_chrome_204_Jul_154449.jpg <a href=C:\Users\sagar\Java_Workspace\BP-3.1MajorRelease\Reports\23Jul_154330\v3TemplateActions_chrome\v3TemplateActions_chrome_204_Jul_154449.jpg alt='alternative text'>Step</a> Getting driver  C:\Users\sagar\Java_Workspace\BP-3.1MajorRelease\Reports\23Jul_154330\v3TemplateActions_chrome\v3TemplateActions_chrome_204_Jul_154454.jpg <a href=C:\Users\sagar\Java_Workspace\BP-3.1MajorRelease\Reports\23Jul_154330\v3TemplateActions_chrome\v3TemplateActions_chrome_204_Jul_154454.jpg alt='alternative text'>Step</a> Result upload to testlink is disabled, Please ensure you have 'UpdateTestLink=Yes' in project.properties  ####### End of Test Case: v3TemplateActions #######  </system-out>
  <testcase classname="com.buildpiper.testcases.MajorRelease3_1" name="userBulkUpload" time="111.135"/>
  <system-out>
checking if driver exist Getting driver  Getting driver  Getting driver  Setting driver C:\Users\sagar\Java_Workspace\BP-3.1MajorRelease\Reports\23Jul_154330\userBulkUpload_chrome\userBulkUpload_chrome_204_Jul_154456.jpg <a href=C:\Users\sagar\Java_Workspace\BP-3.1MajorRelease\Reports\23Jul_154330\userBulkUpload_chrome\userBulkUpload_chrome_204_Jul_154456.jpg alt='alternative text'>Step</a> Getting driver  C:\Users\sagar\Java_Workspace\BP-3.1MajorRelease\Reports\23Jul_154330\userBulkUpload_chrome\userBulkUpload_chrome_204_Jul_154457.jpg <a href=C:\Users\sagar\Java_Workspace\BP-3.1MajorRelease\Reports\23Jul_154330\userBulkUpload_chrome\userBulkUpload_chrome_204_Jul_154457.jpg alt='alternative text'>Step</a> Launching driver C:\Users\sagar\Java_Workspace\BP-3.1MajorRelease\Reports\23Jul_154330\userBulkUpload_chrome\userBulkUpload_chrome_204_Jul_154457.jpg <a href=C:\Users\sagar\Java_Workspace\BP-3.1MajorRelease\Reports\23Jul_154330\userBulkUpload_chrome\userBulkUpload_chrome_204_Jul_154457.jpg alt='alternative text'>Step</a> Executing; ui_launch Element [[ChromeDriver: chrome on WINDOWS (7f3373ff7b8faec6042402e8b3576a20)] -> name: email]is displayed on screen Setting value on element USER_NAME C:\Users\sagar\Java_Workspace\BP-3.1MajorRelease\Reports\23Jul_154330\userBulkUpload_chrome\userBulkUpload_chrome_204_Jul_154534.jpg <a href=C:\Users\sagar\Java_Workspace\BP-3.1MajorRelease\Reports\23Jul_154330\userBulkUpload_chrome\userBulkUpload_chrome_204_Jul_154534.jpg alt='alternative text'>Step</a> Element [[ChromeDriver: chrome on WINDOWS (7f3373ff7b8faec6042402e8b3576a20)] -> name: password]is displayed on screen Setting value on element PASSWORD C:\Users\sagar\Java_Workspace\BP-3.1MajorRelease\Reports\23Jul_154330\userBulkUpload_chrome\userBulkUpload_chrome_204_Jul_154535.jpg <a href=C:\Users\sagar\Java_Workspace\BP-3.1MajorRelease\Reports\23Jul_154330\userBulkUpload_chrome\userBulkUpload_chrome_204_Jul_154535.jpg alt='alternative text'>Step</a> Element [[ChromeDriver: chrome on WINDOWS (7f3373ff7b8faec6042402e8b3576a20)] -> xpath: //button[@type='submit']]is displayed on screen Clicking on element LOGIN_BTN C:\Users\sagar\Java_Workspace\BP-3.1MajorRelease\Reports\23Jul_154330\userBulkUpload_chrome\userBulkUpload_chrome_204_Jul_154535.jpg <a href=C:\Users\sagar\Java_Workspace\BP-3.1MajorRelease\Reports\23Jul_154330\userBulkUpload_chrome\userBulkUpload_chrome_204_Jul_154535.jpg alt='alternative text'>Step</a> Successful navigation is validated for LoginPage Getting driver  C:\Users\sagar\Java_Workspace\BP-3.1MajorRelease\Reports\23Jul_154330\userBulkUpload_chrome\userBulkUpload_chrome_204_Jul_154536.jpg <a href=C:\Users\sagar\Java_Workspace\BP-3.1MajorRelease\Reports\23Jul_154330\userBulkUpload_chrome\userBulkUpload_chrome_204_Jul_154536.jpg alt='alternative text'>Step</a> checking if driver exist C:\Users\sagar\Java_Workspace\BP-3.1MajorRelease\Reports\23Jul_154330\userBulkUpload_chrome\userBulkUpload_chrome_204_Jul_154537.jpg <a href=C:\Users\sagar\Java_Workspace\BP-3.1MajorRelease\Reports\23Jul_154330\userBulkUpload_chrome\userBulkUpload_chrome_204_Jul_154537.jpg alt='alternative text'>Step</a> Getting driver  C:\Users\sagar\Java_Workspace\BP-3.1MajorRelease\Reports\23Jul_154330\userBulkUpload_chrome\userBulkUpload_chrome_204_Jul_154537.jpg <a href=C:\Users\sagar\Java_Workspace\BP-3.1MajorRelease\Reports\23Jul_154330\userBulkUpload_chrome\userBulkUpload_chrome_204_Jul_154537.jpg alt='alternative text'>Step</a> Getting driver  C:\Users\sagar\Java_Workspace\BP-3.1MajorRelease\Reports\23Jul_154330\userBulkUpload_chrome\userBulkUpload_chrome_204_Jul_154538.jpg <a href=C:\Users\sagar\Java_Workspace\BP-3.1MajorRelease\Reports\23Jul_154330\userBulkUpload_chrome\userBulkUpload_chrome_204_Jul_154538.jpg alt='alternative text'>Step</a> checking if driver exist C:\Users\sagar\Java_Workspace\BP-3.1MajorRelease\Reports\23Jul_154330\userBulkUpload_chrome\userBulkUpload_chrome_204_Jul_154538.jpg <a href=C:\Users\sagar\Java_Workspace\BP-3.1MajorRelease\Reports\23Jul_154330\userBulkUpload_chrome\userBulkUpload_chrome_204_Jul_154538.jpg alt='alternative text'>Step</a> Getting driver  C:\Users\sagar\Java_Workspace\BP-3.1MajorRelease\Reports\23Jul_154330\userBulkUpload_chrome\userBulkUpload_chrome_204_Jul_154539.jpg <a href=C:\Users\sagar\Java_Workspace\BP-3.1MajorRelease\Reports\23Jul_154330\userBulkUpload_chrome\userBulkUpload_chrome_204_Jul_154539.jpg alt='alternative text'>Step</a> Getting driver  C:\Users\sagar\Java_Workspace\BP-3.1MajorRelease\Reports\23Jul_154330\userBulkUpload_chrome\userBulkUpload_chrome_204_Jul_154540.jpg <a href=C:\Users\sagar\Java_Workspace\BP-3.1MajorRelease\Reports\23Jul_154330\userBulkUpload_chrome\userBulkUpload_chrome_204_Jul_154540.jpg alt='alternative text'>Step</a> Element [[ChromeDriver: chrome on WINDOWS (7f3373ff7b8faec6042402e8b3576a20)] -> xpath: //span[text()='User Management']]is displayed on screen Element is present [[ChromeDriver: chrome on WINDOWS (7f3373ff7b8faec6042402e8b3576a20)] -> xpath: //span[text()='User Management']] C:\Users\sagar\Java_Workspace\BP-3.1MajorRelease\Reports\23Jul_154330\userBulkUpload_chrome\userBulkUpload_chrome_204_Jul_154543.jpg <a href=C:\Users\sagar\Java_Workspace\BP-3.1MajorRelease\Reports\23Jul_154330\userBulkUpload_chrome\userBulkUpload_chrome_204_Jul_154543.jpg alt='alternative text'>Step</a> Element [[ChromeDriver: chrome on WINDOWS (7f3373ff7b8faec6042402e8b3576a20)] -> xpath: //span[text()='User Management']]is displayed on screen Clicking on element clicks on user Management button C:\Users\sagar\Java_Workspace\BP-3.1MajorRelease\Reports\23Jul_154330\userBulkUpload_chrome\userBulkUpload_chrome_204_Jul_154544.jpg <a href=C:\Users\sagar\Java_Workspace\BP-3.1MajorRelease\Reports\23Jul_154330\userBulkUpload_chrome\userBulkUpload_chrome_204_Jul_154544.jpg alt='alternative text'>Step</a> Element [[ChromeDriver: chrome on WINDOWS (7f3373ff7b8faec6042402e8b3576a20)] -> xpath: //span[text()='Manage Users']]is displayed on screen Element is present [[ChromeDriver: chrome on WINDOWS (7f3373ff7b8faec6042402e8b3576a20)] -> xpath: //span[text()='Manage Users']] C:\Users\sagar\Java_Workspace\BP-3.1MajorRelease\Reports\23Jul_154330\userBulkUpload_chrome\userBulkUpload_chrome_204_Jul_154544.jpg <a href=C:\Users\sagar\Java_Workspace\BP-3.1MajorRelease\Reports\23Jul_154330\userBulkUpload_chrome\userBulkUpload_chrome_204_Jul_154544.jpg alt='alternative text'>Step</a> Element [[ChromeDriver: chrome on WINDOWS (7f3373ff7b8faec6042402e8b3576a20)] -> xpath: //span[text()='Manage Users']]is displayed on screen Clicking on element clicks on manage Users button C:\Users\sagar\Java_Workspace\BP-3.1MajorRelease\Reports\23Jul_154330\userBulkUpload_chrome\userBulkUpload_chrome_204_Jul_154545.jpg <a href=C:\Users\sagar\Java_Workspace\BP-3.1MajorRelease\Reports\23Jul_154330\userBulkUpload_chrome\userBulkUpload_chrome_204_Jul_154545.jpg alt='alternative text'>Step</a> Element [[ChromeDriver: chrome on WINDOWS (7f3373ff7b8faec6042402e8b3576a20)] -> xpath: //a[@title='Upload User Sheet']]is displayed on screen Element is present [[ChromeDriver: chrome on WINDOWS (7f3373ff7b8faec6042402e8b3576a20)] -> xpath: //a[@title='Upload User Sheet']] C:\Users\sagar\Java_Workspace\BP-3.1MajorRelease\Reports\23Jul_154330\userBulkUpload_chrome\userBulkUpload_chrome_204_Jul_154546.jpg <a href=C:\Users\sagar\Java_Workspace\BP-3.1MajorRelease\Reports\23Jul_154330\userBulkUpload_chrome\userBulkUpload_chrome_204_Jul_154546.jpg alt='alternative text'>Step</a> Element [[ChromeDriver: chrome on WINDOWS (7f3373ff7b8faec6042402e8b3576a20)] -> xpath: //a[@title='Upload User Sheet']]is displayed on screen Clicking on element clicks on upload Bulk User Sheet button C:\Users\sagar\Java_Workspace\BP-3.1MajorRelease\Reports\23Jul_154330\userBulkUpload_chrome\userBulkUpload_chrome_204_Jul_154546.jpg <a href=C:\Users\sagar\Java_Workspace\BP-3.1MajorRelease\Reports\23Jul_154330\userBulkUpload_chrome\userBulkUpload_chrome_204_Jul_154546.jpg alt='alternative text'>Step</a> Element [[ChromeDriver: chrome on WINDOWS (7f3373ff7b8faec6042402e8b3576a20)] -> xpath: //span[text()='file_upload']]is displayed on screen Clicking on element clicks on upload file button C:\Users\sagar\Java_Workspace\BP-3.1MajorRelease\Reports\23Jul_154330\userBulkUpload_chrome\userBulkUpload_chrome_204_Jul_154547.jpg <a href=C:\Users\sagar\Java_Workspace\BP-3.1MajorRelease\Reports\23Jul_154330\userBulkUpload_chrome\userBulkUpload_chrome_204_Jul_154547.jpg alt='alternative text'>Step</a> Element [[ChromeDriver: chrome on WINDOWS (7f3373ff7b8faec6042402e8b3576a20)] -> xpath: //input[@class='file-upload-input']]is displayed on screen  Element +[[ChromeDriver: chrome on WINDOWS (7f3373ff7b8faec6042402e8b3576a20)] -> xpath: //input[@class='file-upload-input']] is not clickable using selenium click C:\Users\sagar\Java_Workspace\BP-3.1MajorRelease\Reports\23Jul_154330\userBulkUpload_chrome\userBulkUpload_chrome_204_Jul_154548.jpg <a href=C:\Users\sagar\Java_Workspace\BP-3.1MajorRelease\Reports\23Jul_154330\userBulkUpload_chrome\userBulkUpload_chrome_204_Jul_154548.jpg alt='alternative text'>Step</a> Clicking on element clicks on upload file button C:\Users\sagar\Java_Workspace\BP-3.1MajorRelease\Reports\23Jul_154330\userBulkUpload_chrome\userBulkUpload_chrome_204_Jul_154548.jpg <a href=C:\Users\sagar\Java_Workspace\BP-3.1MajorRelease\Reports\23Jul_154330\userBulkUpload_chrome\userBulkUpload_chrome_204_Jul_154548.jpg alt='alternative text'>Step</a> Uploading the File Path C:\Users\sagar\Java_Workspace\BP-3.1MajorRelease\src\test\resources\testfiles\upload\UploadBulkUser\sample-data.csv C:\Users\sagar\Java_Workspace\BP-3.1MajorRelease\Reports\23Jul_154330\userBulkUpload_chrome\userBulkUpload_chrome_204_Jul_154554.jpg <a href=C:\Users\sagar\Java_Workspace\BP-3.1MajorRelease\Reports\23Jul_154330\userBulkUpload_chrome\userBulkUpload_chrome_204_Jul_154554.jpg alt='alternative text'>Step</a> Element [[ChromeDriver: chrome on WINDOWS (7f3373ff7b8faec6042402e8b3576a20)] -> xpath: //button[@class='btn btn-submit' and text()='Upload Sheet']]is displayed on screen  Element +[[ChromeDriver: chrome on WINDOWS (7f3373ff7b8faec6042402e8b3576a20)] -> xpath: //button[@class='btn btn-submit' and text()='Upload Sheet']] is not clickable using selenium click C:\Users\sagar\Java_Workspace\BP-3.1MajorRelease\Reports\23Jul_154330\userBulkUpload_chrome\userBulkUpload_chrome_204_Jul_154610.jpg <a href=C:\Users\sagar\Java_Workspace\BP-3.1MajorRelease\Reports\23Jul_154330\userBulkUpload_chrome\userBulkUpload_chrome_204_Jul_154610.jpg alt='alternative text'>Step</a> Clicking on element clicks on upload file after uploading csv C:\Users\sagar\Java_Workspace\BP-3.1MajorRelease\Reports\23Jul_154330\userBulkUpload_chrome\userBulkUpload_chrome_204_Jul_154611.jpg <a href=C:\Users\sagar\Java_Workspace\BP-3.1MajorRelease\Reports\23Jul_154330\userBulkUpload_chrome\userBulkUpload_chrome_204_Jul_154611.jpg alt='alternative text'>Step</a> Getting driver  C:\Users\sagar\Java_Workspace\BP-3.1MajorRelease\Reports\23Jul_154330\userBulkUpload_chrome\userBulkUpload_chrome_204_Jul_154611.jpg <a href=C:\Users\sagar\Java_Workspace\BP-3.1MajorRelease\Reports\23Jul_154330\userBulkUpload_chrome\userBulkUpload_chrome_204_Jul_154611.jpg alt='alternative text'>Step</a> Element [[ChromeDriver: chrome on WINDOWS (7f3373ff7b8faec6042402e8b3576a20)] -> xpath: //span[text()='refresh']]is displayed on screen  Element +[[ChromeDriver: chrome on WINDOWS (7f3373ff7b8faec6042402e8b3576a20)] -> xpath: //span[text()='refresh']] is not clickable using selenium click C:\Users\sagar\Java_Workspace\BP-3.1MajorRelease\Reports\23Jul_154330\userBulkUpload_chrome\userBulkUpload_chrome_204_Jul_154632.jpg <a href=C:\Users\sagar\Java_Workspace\BP-3.1MajorRelease\Reports\23Jul_154330\userBulkUpload_chrome\userBulkUpload_chrome_204_Jul_154632.jpg alt='alternative text'>Step</a> Clicking on element clicks on refreshBtn C:\Users\sagar\Java_Workspace\BP-3.1MajorRelease\Reports\23Jul_154330\userBulkUpload_chrome\userBulkUpload_chrome_204_Jul_154633.jpg <a href=C:\Users\sagar\Java_Workspace\BP-3.1MajorRelease\Reports\23Jul_154330\userBulkUpload_chrome\userBulkUpload_chrome_204_Jul_154633.jpg alt='alternative text'>Step</a> Element [[ChromeDriver: chrome on WINDOWS (7f3373ff7b8faec6042402e8b3576a20)] -> xpath: (//div[text()='User imported Successfully'])[1]]is displayed on screen Element is present [[ChromeDriver: chrome on WINDOWS (7f3373ff7b8faec6042402e8b3576a20)] -> xpath: (//div[text()='User imported Successfully'])[1]] C:\Users\sagar\Java_Workspace\BP-3.1MajorRelease\Reports\23Jul_154330\userBulkUpload_chrome\userBulkUpload_chrome_204_Jul_154633.jpg <a href=C:\Users\sagar\Java_Workspace\BP-3.1MajorRelease\Reports\23Jul_154330\userBulkUpload_chrome\userBulkUpload_chrome_204_Jul_154633.jpg alt='alternative text'>Step</a> Element [[ChromeDriver: chrome on WINDOWS (7f3373ff7b8faec6042402e8b3576a20)] -> xpath: (//span[text()='Failed: ']/..//span[text()='0'])[1]]is displayed on screen Element is present [[ChromeDriver: chrome on WINDOWS (7f3373ff7b8faec6042402e8b3576a20)] -> xpath: (//span[text()='Failed: ']/..//span[text()='0'])[1]] C:\Users\sagar\Java_Workspace\BP-3.1MajorRelease\Reports\23Jul_154330\userBulkUpload_chrome\userBulkUpload_chrome_204_Jul_154633.jpg <a href=C:\Users\sagar\Java_Workspace\BP-3.1MajorRelease\Reports\23Jul_154330\userBulkUpload_chrome\userBulkUpload_chrome_204_Jul_154633.jpg alt='alternative text'>Step</a> Element [[ChromeDriver: chrome on WINDOWS (7f3373ff7b8faec6042402e8b3576a20)] -> xpath: //span[text()='User Management']]is displayed on screen Element is present [[ChromeDriver: chrome on WINDOWS (7f3373ff7b8faec6042402e8b3576a20)] -> xpath: //span[text()='User Management']] C:\Users\sagar\Java_Workspace\BP-3.1MajorRelease\Reports\23Jul_154330\userBulkUpload_chrome\userBulkUpload_chrome_204_Jul_154634.jpg <a href=C:\Users\sagar\Java_Workspace\BP-3.1MajorRelease\Reports\23Jul_154330\userBulkUpload_chrome\userBulkUpload_chrome_204_Jul_154634.jpg alt='alternative text'>Step</a> Element [[ChromeDriver: chrome on WINDOWS (7f3373ff7b8faec6042402e8b3576a20)] -> xpath: //span[text()='User Management']]is displayed on screen Clicking on element clicks on user Management button C:\Users\sagar\Java_Workspace\BP-3.1MajorRelease\Reports\23Jul_154330\userBulkUpload_chrome\userBulkUpload_chrome_204_Jul_154634.jpg <a href=C:\Users\sagar\Java_Workspace\BP-3.1MajorRelease\Reports\23Jul_154330\userBulkUpload_chrome\userBulkUpload_chrome_204_Jul_154634.jpg alt='alternative text'>Step</a> Element [[ChromeDriver: chrome on WINDOWS (7f3373ff7b8faec6042402e8b3576a20)] -> xpath: //span[text()='Manage Users']]is displayed on screen Element is present [[ChromeDriver: chrome on WINDOWS (7f3373ff7b8faec6042402e8b3576a20)] -> xpath: //span[text()='Manage Users']] C:\Users\sagar\Java_Workspace\BP-3.1MajorRelease\Reports\23Jul_154330\userBulkUpload_chrome\userBulkUpload_chrome_204_Jul_154634.jpg <a href=C:\Users\sagar\Java_Workspace\BP-3.1MajorRelease\Reports\23Jul_154330\userBulkUpload_chrome\userBulkUpload_chrome_204_Jul_154634.jpg alt='alternative text'>Step</a> Element [[ChromeDriver: chrome on WINDOWS (7f3373ff7b8faec6042402e8b3576a20)] -> xpath: //span[text()='Manage Users']]is displayed on screen Clicking on element clicks on manage Users button C:\Users\sagar\Java_Workspace\BP-3.1MajorRelease\Reports\23Jul_154330\userBulkUpload_chrome\userBulkUpload_chrome_204_Jul_154635.jpg <a href=C:\Users\sagar\Java_Workspace\BP-3.1MajorRelease\Reports\23Jul_154330\userBulkUpload_chrome\userBulkUpload_chrome_204_Jul_154635.jpg alt='alternative text'>Step</a> Element [[ChromeDriver: chrome on WINDOWS (7f3373ff7b8faec6042402e8b3576a20)] -> xpath: //input[@name='name' and @placeholder='Name']]is displayed on screen Element is present [[ChromeDriver: chrome on WINDOWS (7f3373ff7b8faec6042402e8b3576a20)] -> xpath: //input[@name='name' and @placeholder='Name']] C:\Users\sagar\Java_Workspace\BP-3.1MajorRelease\Reports\23Jul_154330\userBulkUpload_chrome\userBulkUpload_chrome_204_Jul_154636.jpg <a href=C:\Users\sagar\Java_Workspace\BP-3.1MajorRelease\Reports\23Jul_154330\userBulkUpload_chrome\userBulkUpload_chrome_204_Jul_154636.jpg alt='alternative text'>Step</a> Element [[ChromeDriver: chrome on WINDOWS (7f3373ff7b8faec6042402e8b3576a20)] -> xpath: //input[@name='name' and @placeholder='Name']]is displayed on screen Element [[ChromeDriver: chrome on WINDOWS (7f3373ff7b8faec6042402e8b3576a20)] -> xpath: //span[text()='edit']]is displayed on screen Clicking on element user clicks on edit user icon C:\Users\sagar\Java_Workspace\BP-3.1MajorRelease\Reports\23Jul_154330\userBulkUpload_chrome\userBulkUpload_chrome_204_Jul_154637.jpg <a href=C:\Users\sagar\Java_Workspace\BP-3.1MajorRelease\Reports\23Jul_154330\userBulkUpload_chrome\userBulkUpload_chrome_204_Jul_154637.jpg alt='alternative text'>Step</a> checking if driver exist C:\Users\sagar\Java_Workspace\BP-3.1MajorRelease\Reports\23Jul_154330\userBulkUpload_chrome\userBulkUpload_chrome_204_Jul_154638.jpg <a href=C:\Users\sagar\Java_Workspace\BP-3.1MajorRelease\Reports\23Jul_154330\userBulkUpload_chrome\userBulkUpload_chrome_204_Jul_154638.jpg alt='alternative text'>Step</a> Getting driver  C:\Users\sagar\Java_Workspace\BP-3.1MajorRelease\Reports\23Jul_154330\userBulkUpload_chrome\userBulkUpload_chrome_204_Jul_154638.jpg <a href=C:\Users\sagar\Java_Workspace\BP-3.1MajorRelease\Reports\23Jul_154330\userBulkUpload_chrome\userBulkUpload_chrome_204_Jul_154638.jpg alt='alternative text'>Step</a> Getting driver  C:\Users\sagar\Java_Workspace\BP-3.1MajorRelease\Reports\23Jul_154330\userBulkUpload_chrome\userBulkUpload_chrome_204_Jul_154638.jpg <a href=C:\Users\sagar\Java_Workspace\BP-3.1MajorRelease\Reports\23Jul_154330\userBulkUpload_chrome\userBulkUpload_chrome_204_Jul_154638.jpg alt='alternative text'>Step</a> Element [[ChromeDriver: chrome on WINDOWS (7f3373ff7b8faec6042402e8b3576a20)] -> xpath: //span[text()='hercules-cluster']]is displayed on screen Element is present [[ChromeDriver: chrome on WINDOWS (7f3373ff7b8faec6042402e8b3576a20)] -> xpath: //span[text()='hercules-cluster']] C:\Users\sagar\Java_Workspace\BP-3.1MajorRelease\Reports\23Jul_154330\userBulkUpload_chrome\userBulkUpload_chrome_204_Jul_154638.jpg <a href=C:\Users\sagar\Java_Workspace\BP-3.1MajorRelease\Reports\23Jul_154330\userBulkUpload_chrome\userBulkUpload_chrome_204_Jul_154638.jpg alt='alternative text'>Step</a> Element [[ChromeDriver: chrome on WINDOWS (7f3373ff7b8faec6042402e8b3576a20)] -> xpath: //span[text()='hercules-cluster']]is displayed on screen  Element +[[ChromeDriver: chrome on WINDOWS (7f3373ff7b8faec6042402e8b3576a20)] -> xpath: //span[text()='hercules-cluster']] is not clickable using selenium click C:\Users\sagar\Java_Workspace\BP-3.1MajorRelease\Reports\23Jul_154330\userBulkUpload_chrome\userBulkUpload_chrome_204_Jul_154640.jpg <a href=C:\Users\sagar\Java_Workspace\BP-3.1MajorRelease\Reports\23Jul_154330\userBulkUpload_chrome\userBulkUpload_chrome_204_Jul_154640.jpg alt='alternative text'>Step</a> Clicking on element clicks on cluster Name button C:\Users\sagar\Java_Workspace\BP-3.1MajorRelease\Reports\23Jul_154330\userBulkUpload_chrome\userBulkUpload_chrome_204_Jul_154640.jpg <a href=C:\Users\sagar\Java_Workspace\BP-3.1MajorRelease\Reports\23Jul_154330\userBulkUpload_chrome\userBulkUpload_chrome_204_Jul_154640.jpg alt='alternative text'>Step</a> Element [[ChromeDriver: chrome on WINDOWS (7f3373ff7b8faec6042402e8b3576a20)] -> xpath: //span[text()='Cluster Overview']]is displayed on screen Element is present [[ChromeDriver: chrome on WINDOWS (7f3373ff7b8faec6042402e8b3576a20)] -> xpath: //span[text()='Cluster Overview']] C:\Users\sagar\Java_Workspace\BP-3.1MajorRelease\Reports\23Jul_154330\userBulkUpload_chrome\userBulkUpload_chrome_204_Jul_154640.jpg <a href=C:\Users\sagar\Java_Workspace\BP-3.1MajorRelease\Reports\23Jul_154330\userBulkUpload_chrome\userBulkUpload_chrome_204_Jul_154640.jpg alt='alternative text'>Step</a> Element [[ChromeDriver: chrome on WINDOWS (7f3373ff7b8faec6042402e8b3576a20)] -> xpath: //span[text()='Cluster Overview']]is displayed on screen  Element +Proxy element for: DefaultElementLocator 'By.xpath: //span[text()='Cluster Overview']' is not clickable using selenium click C:\Users\sagar\Java_Workspace\BP-3.1MajorRelease\Reports\23Jul_154330\userBulkUpload_chrome\userBulkUpload_chrome_204_Jul_154642.jpg <a href=C:\Users\sagar\Java_Workspace\BP-3.1MajorRelease\Reports\23Jul_154330\userBulkUpload_chrome\userBulkUpload_chrome_204_Jul_154642.jpg alt='alternative text'>Step</a> Clicking on element clicks on cluster Overview button C:\Users\sagar\Java_Workspace\BP-3.1MajorRelease\Reports\23Jul_154330\userBulkUpload_chrome\userBulkUpload_chrome_204_Jul_154642.jpg <a href=C:\Users\sagar\Java_Workspace\BP-3.1MajorRelease\Reports\23Jul_154330\userBulkUpload_chrome\userBulkUpload_chrome_204_Jul_154642.jpg alt='alternative text'>Step</a> Element [[ChromeDriver: chrome on WINDOWS (7f3373ff7b8faec6042402e8b3576a20)] -> xpath: //div[@class='general-data']//span[text()='Connected']]is displayed on screen Element is present [[ChromeDriver: chrome on WINDOWS (7f3373ff7b8faec6042402e8b3576a20)] -> xpath: //div[@class='general-data']//span[text()='Connected']] C:\Users\sagar\Java_Workspace\BP-3.1MajorRelease\Reports\23Jul_154330\userBulkUpload_chrome\userBulkUpload_chrome_204_Jul_154645.jpg <a href=C:\Users\sagar\Java_Workspace\BP-3.1MajorRelease\Reports\23Jul_154330\userBulkUpload_chrome\userBulkUpload_chrome_204_Jul_154645.jpg alt='alternative text'>Step</a> Getting driver  C:\Users\sagar\Java_Workspace\BP-3.1MajorRelease\Reports\23Jul_154330\userBulkUpload_chrome\userBulkUpload_chrome_204_Jul_154645.jpg <a href=C:\Users\sagar\Java_Workspace\BP-3.1MajorRelease\Reports\23Jul_154330\userBulkUpload_chrome\userBulkUpload_chrome_204_Jul_154645.jpg alt='alternative text'>Step</a> Result upload to testlink is disabled, Please ensure you have 'UpdateTestLink=Yes' in project.properties  ####### End of Test Case: userBulkUpload #######  </system-out>
  <testcase classname="com.buildpiper.testcases.MajorRelease3_1" name="BPVersioning" time="145.302"/>
  <system-out>
checking if driver exist Getting driver  Getting driver  Getting driver  Setting driver C:\Users\sagar\Java_Workspace\BP-3.1MajorRelease\Reports\23Jul_154330\BPVersioning_chrome\BPVersioning_chrome_204_Jul_154648.jpg <a href=C:\Users\sagar\Java_Workspace\BP-3.1MajorRelease\Reports\23Jul_154330\BPVersioning_chrome\BPVersioning_chrome_204_Jul_154648.jpg alt='alternative text'>Step</a> Getting driver  C:\Users\sagar\Java_Workspace\BP-3.1MajorRelease\Reports\23Jul_154330\BPVersioning_chrome\BPVersioning_chrome_204_Jul_154648.jpg <a href=C:\Users\sagar\Java_Workspace\BP-3.1MajorRelease\Reports\23Jul_154330\BPVersioning_chrome\BPVersioning_chrome_204_Jul_154648.jpg alt='alternative text'>Step</a> Launching driver C:\Users\sagar\Java_Workspace\BP-3.1MajorRelease\Reports\23Jul_154330\BPVersioning_chrome\BPVersioning_chrome_204_Jul_154648.jpg <a href=C:\Users\sagar\Java_Workspace\BP-3.1MajorRelease\Reports\23Jul_154330\BPVersioning_chrome\BPVersioning_chrome_204_Jul_154648.jpg alt='alternative text'>Step</a> Executing; ui_launch Element [[ChromeDriver: chrome on WINDOWS (d865ef6037afffe20f422ddde06fd4af)] -> name: email]is displayed on screen Setting value on element USER_NAME C:\Users\sagar\Java_Workspace\BP-3.1MajorRelease\Reports\23Jul_154330\BPVersioning_chrome\BPVersioning_chrome_204_Jul_154718.jpg <a href=C:\Users\sagar\Java_Workspace\BP-3.1MajorRelease\Reports\23Jul_154330\BPVersioning_chrome\BPVersioning_chrome_204_Jul_154718.jpg alt='alternative text'>Step</a> Element [[ChromeDriver: chrome on WINDOWS (d865ef6037afffe20f422ddde06fd4af)] -> name: password]is displayed on screen Setting value on element PASSWORD C:\Users\sagar\Java_Workspace\BP-3.1MajorRelease\Reports\23Jul_154330\BPVersioning_chrome\BPVersioning_chrome_204_Jul_154719.jpg <a href=C:\Users\sagar\Java_Workspace\BP-3.1MajorRelease\Reports\23Jul_154330\BPVersioning_chrome\BPVersioning_chrome_204_Jul_154719.jpg alt='alternative text'>Step</a> Element [[ChromeDriver: chrome on WINDOWS (d865ef6037afffe20f422ddde06fd4af)] -> xpath: //button[@type='submit']]is displayed on screen Clicking on element LOGIN_BTN C:\Users\sagar\Java_Workspace\BP-3.1MajorRelease\Reports\23Jul_154330\BPVersioning_chrome\BPVersioning_chrome_204_Jul_154720.jpg <a href=C:\Users\sagar\Java_Workspace\BP-3.1MajorRelease\Reports\23Jul_154330\BPVersioning_chrome\BPVersioning_chrome_204_Jul_154720.jpg alt='alternative text'>Step</a> Successful navigation is validated for LoginPage Getting driver  C:\Users\sagar\Java_Workspace\BP-3.1MajorRelease\Reports\23Jul_154330\BPVersioning_chrome\BPVersioning_chrome_204_Jul_154720.jpg <a href=C:\Users\sagar\Java_Workspace\BP-3.1MajorRelease\Reports\23Jul_154330\BPVersioning_chrome\BPVersioning_chrome_204_Jul_154720.jpg alt='alternative text'>Step</a> checking if driver exist C:\Users\sagar\Java_Workspace\BP-3.1MajorRelease\Reports\23Jul_154330\BPVersioning_chrome\BPVersioning_chrome_204_Jul_154721.jpg <a href=C:\Users\sagar\Java_Workspace\BP-3.1MajorRelease\Reports\23Jul_154330\BPVersioning_chrome\BPVersioning_chrome_204_Jul_154721.jpg alt='alternative text'>Step</a> Getting driver  C:\Users\sagar\Java_Workspace\BP-3.1MajorRelease\Reports\23Jul_154330\BPVersioning_chrome\BPVersioning_chrome_204_Jul_154722.jpg <a href=C:\Users\sagar\Java_Workspace\BP-3.1MajorRelease\Reports\23Jul_154330\BPVersioning_chrome\BPVersioning_chrome_204_Jul_154722.jpg alt='alternative text'>Step</a> Getting driver  C:\Users\sagar\Java_Workspace\BP-3.1MajorRelease\Reports\23Jul_154330\BPVersioning_chrome\BPVersioning_chrome_204_Jul_154722.jpg <a href=C:\Users\sagar\Java_Workspace\BP-3.1MajorRelease\Reports\23Jul_154330\BPVersioning_chrome\BPVersioning_chrome_204_Jul_154722.jpg alt='alternative text'>Step</a> checking if driver exist C:\Users\sagar\Java_Workspace\BP-3.1MajorRelease\Reports\23Jul_154330\BPVersioning_chrome\BPVersioning_chrome_204_Jul_154723.jpg <a href=C:\Users\sagar\Java_Workspace\BP-3.1MajorRelease\Reports\23Jul_154330\BPVersioning_chrome\BPVersioning_chrome_204_Jul_154723.jpg alt='alternative text'>Step</a> Getting driver  C:\Users\sagar\Java_Workspace\BP-3.1MajorRelease\Reports\23Jul_154330\BPVersioning_chrome\BPVersioning_chrome_204_Jul_154723.jpg <a href=C:\Users\sagar\Java_Workspace\BP-3.1MajorRelease\Reports\23Jul_154330\BPVersioning_chrome\BPVersioning_chrome_204_Jul_154723.jpg alt='alternative text'>Step</a> Getting driver  C:\Users\sagar\Java_Workspace\BP-3.1MajorRelease\Reports\23Jul_154330\BPVersioning_chrome\BPVersioning_chrome_204_Jul_154724.jpg <a href=C:\Users\sagar\Java_Workspace\BP-3.1MajorRelease\Reports\23Jul_154330\BPVersioning_chrome\BPVersioning_chrome_204_Jul_154724.jpg alt='alternative text'>Step</a> Element [[ChromeDriver: chrome on WINDOWS (d865ef6037afffe20f422ddde06fd4af)] -> xpath: //button[@type='button' and @aria-controls='menu-appbar']//div//div]is displayed on screen  Element +[[ChromeDriver: chrome on WINDOWS (d865ef6037afffe20f422ddde06fd4af)] -> xpath: //button[@type='button' and @aria-controls='menu-appbar']//div//div] is not clickable using selenium click C:\Users\sagar\Java_Workspace\BP-3.1MajorRelease\Reports\23Jul_154330\BPVersioning_chrome\BPVersioning_chrome_204_Jul_154729.jpg <a href=C:\Users\sagar\Java_Workspace\BP-3.1MajorRelease\Reports\23Jul_154330\BPVersioning_chrome\BPVersioning_chrome_204_Jul_154729.jpg alt='alternative text'>Step</a> Clicking on element userMenuAppBar C:\Users\sagar\Java_Workspace\BP-3.1MajorRelease\Reports\23Jul_154330\BPVersioning_chrome\BPVersioning_chrome_204_Jul_154729.jpg <a href=C:\Users\sagar\Java_Workspace\BP-3.1MajorRelease\Reports\23Jul_154330\BPVersioning_chrome\BPVersioning_chrome_204_Jul_154729.jpg alt='alternative text'>Step</a> Element [[ChromeDriver: chrome on WINDOWS (d865ef6037afffe20f422ddde06fd4af)] -> xpath: //span[text()='System Settings']]is displayed on screen Clicking on element Open System Settings C:\Users\sagar\Java_Workspace\BP-3.1MajorRelease\Reports\23Jul_154330\BPVersioning_chrome\BPVersioning_chrome_204_Jul_154729.jpg <a href=C:\Users\sagar\Java_Workspace\BP-3.1MajorRelease\Reports\23Jul_154330\BPVersioning_chrome\BPVersioning_chrome_204_Jul_154729.jpg alt='alternative text'>Step</a> checking if driver exist C:\Users\sagar\Java_Workspace\BP-3.1MajorRelease\Reports\23Jul_154330\BPVersioning_chrome\BPVersioning_chrome_204_Jul_154730.jpg <a href=C:\Users\sagar\Java_Workspace\BP-3.1MajorRelease\Reports\23Jul_154330\BPVersioning_chrome\BPVersioning_chrome_204_Jul_154730.jpg alt='alternative text'>Step</a> Getting driver  C:\Users\sagar\Java_Workspace\BP-3.1MajorRelease\Reports\23Jul_154330\BPVersioning_chrome\BPVersioning_chrome_204_Jul_154730.jpg <a href=C:\Users\sagar\Java_Workspace\BP-3.1MajorRelease\Reports\23Jul_154330\BPVersioning_chrome\BPVersioning_chrome_204_Jul_154730.jpg alt='alternative text'>Step</a> Getting driver  C:\Users\sagar\Java_Workspace\BP-3.1MajorRelease\Reports\23Jul_154330\BPVersioning_chrome\BPVersioning_chrome_204_Jul_154730.jpg <a href=C:\Users\sagar\Java_Workspace\BP-3.1MajorRelease\Reports\23Jul_154330\BPVersioning_chrome\BPVersioning_chrome_204_Jul_154730.jpg alt='alternative text'>Step</a> Element [[ChromeDriver: chrome on WINDOWS (d865ef6037afffe20f422ddde06fd4af)] -> xpath: //div[text()='Buildpiper Versioning ']]is displayed on screen Element is present [[ChromeDriver: chrome on WINDOWS (d865ef6037afffe20f422ddde06fd4af)] -> xpath: //div[text()='Buildpiper Versioning ']] C:\Users\sagar\Java_Workspace\BP-3.1MajorRelease\Reports\23Jul_154330\BPVersioning_chrome\BPVersioning_chrome_204_Jul_154731.jpg <a href=C:\Users\sagar\Java_Workspace\BP-3.1MajorRelease\Reports\23Jul_154330\BPVersioning_chrome\BPVersioning_chrome_204_Jul_154731.jpg alt='alternative text'>Step</a> Element [[ChromeDriver: chrome on WINDOWS (d865ef6037afffe20f422ddde06fd4af)] -> xpath: //div[text()='Buildpiper Versioning ']]is displayed on screen  Element +[[ChromeDriver: chrome on WINDOWS (d865ef6037afffe20f422ddde06fd4af)] -> xpath: //div[text()='Buildpiper Versioning ']] is not clickable using selenium click C:\Users\sagar\Java_Workspace\BP-3.1MajorRelease\Reports\23Jul_154330\BPVersioning_chrome\BPVersioning_chrome_204_Jul_154732.jpg <a href=C:\Users\sagar\Java_Workspace\BP-3.1MajorRelease\Reports\23Jul_154330\BPVersioning_chrome\BPVersioning_chrome_204_Jul_154732.jpg alt='alternative text'>Step</a> Clicking on element clicks on buildPiper Versioning button C:\Users\sagar\Java_Workspace\BP-3.1MajorRelease\Reports\23Jul_154330\BPVersioning_chrome\BPVersioning_chrome_204_Jul_154733.jpg <a href=C:\Users\sagar\Java_Workspace\BP-3.1MajorRelease\Reports\23Jul_154330\BPVersioning_chrome\BPVersioning_chrome_204_Jul_154733.jpg alt='alternative text'>Step</a> Element [[ChromeDriver: chrome on WINDOWS (d865ef6037afffe20f422ddde06fd4af)] -> xpath: //button[text()='Apply immediately']]is displayed on screen Clicking on element clicks on Apply Setting Immediately button C:\Users\sagar\Java_Workspace\BP-3.1MajorRelease\Reports\23Jul_154330\BPVersioning_chrome\BPVersioning_chrome_204_Jul_154733.jpg <a href=C:\Users\sagar\Java_Workspace\BP-3.1MajorRelease\Reports\23Jul_154330\BPVersioning_chrome\BPVersioning_chrome_204_Jul_154733.jpg alt='alternative text'>Step</a> checking if driver exist C:\Users\sagar\Java_Workspace\BP-3.1MajorRelease\Reports\23Jul_154330\BPVersioning_chrome\BPVersioning_chrome_204_Jul_154733.jpg <a href=C:\Users\sagar\Java_Workspace\BP-3.1MajorRelease\Reports\23Jul_154330\BPVersioning_chrome\BPVersioning_chrome_204_Jul_154733.jpg alt='alternative text'>Step</a> Getting driver  C:\Users\sagar\Java_Workspace\BP-3.1MajorRelease\Reports\23Jul_154330\BPVersioning_chrome\BPVersioning_chrome_204_Jul_154734.jpg <a href=C:\Users\sagar\Java_Workspace\BP-3.1MajorRelease\Reports\23Jul_154330\BPVersioning_chrome\BPVersioning_chrome_204_Jul_154734.jpg alt='alternative text'>Step</a> Getting driver  C:\Users\sagar\Java_Workspace\BP-3.1MajorRelease\Reports\23Jul_154330\BPVersioning_chrome\BPVersioning_chrome_204_Jul_154734.jpg <a href=C:\Users\sagar\Java_Workspace\BP-3.1MajorRelease\Reports\23Jul_154330\BPVersioning_chrome\BPVersioning_chrome_204_Jul_154734.jpg alt='alternative text'>Step</a> Element [[ChromeDriver: chrome on WINDOWS (d865ef6037afffe20f422ddde06fd4af)] -> xpath: //button[@type='button' and @aria-controls='menu-appbar']//div//div]is displayed on screen Clicking on element userMenuAppBar C:\Users\sagar\Java_Workspace\BP-3.1MajorRelease\Reports\23Jul_154330\BPVersioning_chrome\BPVersioning_chrome_204_Jul_154734.jpg <a href=C:\Users\sagar\Java_Workspace\BP-3.1MajorRelease\Reports\23Jul_154330\BPVersioning_chrome\BPVersioning_chrome_204_Jul_154734.jpg alt='alternative text'>Step</a> Element [[ChromeDriver: chrome on WINDOWS (d865ef6037afffe20f422ddde06fd4af)] -> xpath: //button[contains(@class,'btn-link-green')][text()=' Switch to User Portal']]is displayed on screen Clicking on element switching to user account C:\Users\sagar\Java_Workspace\BP-3.1MajorRelease\Reports\23Jul_154330\BPVersioning_chrome\BPVersioning_chrome_204_Jul_154735.jpg <a href=C:\Users\sagar\Java_Workspace\BP-3.1MajorRelease\Reports\23Jul_154330\BPVersioning_chrome\BPVersioning_chrome_204_Jul_154735.jpg alt='alternative text'>Step</a> checking if driver exist C:\Users\sagar\Java_Workspace\BP-3.1MajorRelease\Reports\23Jul_154330\BPVersioning_chrome\BPVersioning_chrome_204_Jul_154735.jpg <a href=C:\Users\sagar\Java_Workspace\BP-3.1MajorRelease\Reports\23Jul_154330\BPVersioning_chrome\BPVersioning_chrome_204_Jul_154735.jpg alt='alternative text'>Step</a> Getting driver  C:\Users\sagar\Java_Workspace\BP-3.1MajorRelease\Reports\23Jul_154330\BPVersioning_chrome\BPVersioning_chrome_204_Jul_154735.jpg <a href=C:\Users\sagar\Java_Workspace\BP-3.1MajorRelease\Reports\23Jul_154330\BPVersioning_chrome\BPVersioning_chrome_204_Jul_154735.jpg alt='alternative text'>Step</a> Getting driver  C:\Users\sagar\Java_Workspace\BP-3.1MajorRelease\Reports\23Jul_154330\BPVersioning_chrome\BPVersioning_chrome_204_Jul_154735.jpg <a href=C:\Users\sagar\Java_Workspace\BP-3.1MajorRelease\Reports\23Jul_154330\BPVersioning_chrome\BPVersioning_chrome_204_Jul_154735.jpg alt='alternative text'>Step</a> Element [[ChromeDriver: chrome on WINDOWS (d865ef6037afffe20f422ddde06fd4af)] -> xpath: //li//button[contains(@class,'main-nav-1')]//span[1][@title]]is displayed on screen Element is present [[ChromeDriver: chrome on WINDOWS (d865ef6037afffe20f422ddde06fd4af)] -> xpath: //li//button[contains(@class,'main-nav-1')]//span[1][@title]] C:\Users\sagar\Java_Workspace\BP-3.1MajorRelease\Reports\23Jul_154330\BPVersioning_chrome\BPVersioning_chrome_204_Jul_154741.jpg <a href=C:\Users\sagar\Java_Workspace\BP-3.1MajorRelease\Reports\23Jul_154330\BPVersioning_chrome\BPVersioning_chrome_204_Jul_154741.jpg alt='alternative text'>Step</a> Element [[ChromeDriver: chrome on WINDOWS (d865ef6037afffe20f422ddde06fd4af)] -> xpath: //button//span[2][@class='flaticon-expand-arrow']/../..//div//span[@title='Service Overview']]is displayed on screen Clicking on element Poc_QA serviceOverviewLink C:\Users\sagar\Java_Workspace\BP-3.1MajorRelease\Reports\23Jul_154330\BPVersioning_chrome\BPVersioning_chrome_204_Jul_154742.jpg <a href=C:\Users\sagar\Java_Workspace\BP-3.1MajorRelease\Reports\23Jul_154330\BPVersioning_chrome\BPVersioning_chrome_204_Jul_154742.jpg alt='alternative text'>Step</a> Element [[ChromeDriver: chrome on WINDOWS (d865ef6037afffe20f422ddde06fd4af)] -> xpath: //a[@class='btn btn-submit']]is displayed on screen Element is present [[ChromeDriver: chrome on WINDOWS (d865ef6037afffe20f422ddde06fd4af)] -> xpath: //a[@class='btn btn-submit']] C:\Users\sagar\Java_Workspace\BP-3.1MajorRelease\Reports\23Jul_154330\BPVersioning_chrome\BPVersioning_chrome_204_Jul_154742.jpg <a href=C:\Users\sagar\Java_Workspace\BP-3.1MajorRelease\Reports\23Jul_154330\BPVersioning_chrome\BPVersioning_chrome_204_Jul_154742.jpg alt='alternative text'>Step</a> Element [[ChromeDriver: chrome on WINDOWS (d865ef6037afffe20f422ddde06fd4af)] -> xpath: //a[@class='btn btn-submit']]is displayed on screen Clicking on element Poc_QA addServiceBtn C:\Users\sagar\Java_Workspace\BP-3.1MajorRelease\Reports\23Jul_154330\BPVersioning_chrome\BPVersioning_chrome_204_Jul_154742.jpg <a href=C:\Users\sagar\Java_Workspace\BP-3.1MajorRelease\Reports\23Jul_154330\BPVersioning_chrome\BPVersioning_chrome_204_Jul_154742.jpg alt='alternative text'>Step</a> Element [[ChromeDriver: chrome on WINDOWS (d865ef6037afffe20f422ddde06fd4af)] -> xpath: //h1[@class='main-heading']]is displayed on screen Element is present [[ChromeDriver: chrome on WINDOWS (d865ef6037afffe20f422ddde06fd4af)] -> xpath: //h1[@class='main-heading']] C:\Users\sagar\Java_Workspace\BP-3.1MajorRelease\Reports\23Jul_154330\BPVersioning_chrome\BPVersioning_chrome_204_Jul_154743.jpg <a href=C:\Users\sagar\Java_Workspace\BP-3.1MajorRelease\Reports\23Jul_154330\BPVersioning_chrome\BPVersioning_chrome_204_Jul_154743.jpg alt='alternative text'>Step</a> Element [[ChromeDriver: chrome on WINDOWS (d865ef6037afffe20f422ddde06fd4af)] -> xpath: //p[(@class='hint-text-main-heading')]]is displayed on screen Element is present [[ChromeDriver: chrome on WINDOWS (d865ef6037afffe20f422ddde06fd4af)] -> xpath: //p[(@class='hint-text-main-heading')]] C:\Users\sagar\Java_Workspace\BP-3.1MajorRelease\Reports\23Jul_154330\BPVersioning_chrome\BPVersioning_chrome_204_Jul_154743.jpg <a href=C:\Users\sagar\Java_Workspace\BP-3.1MajorRelease\Reports\23Jul_154330\BPVersioning_chrome\BPVersioning_chrome_204_Jul_154743.jpg alt='alternative text'>Step</a> Element [[ChromeDriver: chrome on WINDOWS (d865ef6037afffe20f422ddde06fd4af)] -> xpath: //input[@placeholder='demo-app']]is displayed on screen Setting value on element sets service name C:\Users\sagar\Java_Workspace\BP-3.1MajorRelease\Reports\23Jul_154330\BPVersioning_chrome\BPVersioning_chrome_204_Jul_154744.jpg <a href=C:\Users\sagar\Java_Workspace\BP-3.1MajorRelease\Reports\23Jul_154330\BPVersioning_chrome\BPVersioning_chrome_204_Jul_154744.jpg alt='alternative text'>Step</a> Element [[ChromeDriver: chrome on WINDOWS (d865ef6037afffe20f422ddde06fd4af)] -> xpath: //input[@placeholder='Sample-Service']]is displayed on screen Setting value on element sets external name C:\Users\sagar\Java_Workspace\BP-3.1MajorRelease\Reports\23Jul_154330\BPVersioning_chrome\BPVersioning_chrome_204_Jul_154744.jpg <a href=C:\Users\sagar\Java_Workspace\BP-3.1MajorRelease\Reports\23Jul_154330\BPVersioning_chrome\BPVersioning_chrome_204_Jul_154744.jpg alt='alternative text'>Step</a> Element [[ChromeDriver: chrome on WINDOWS (d865ef6037afffe20f422ddde06fd4af)] -> xpath: //span[contains(.,'Build for every environment')]]is displayed on screen Clicking on element Poc_QA selectEveryRadioBtn C:\Users\sagar\Java_Workspace\BP-3.1MajorRelease\Reports\23Jul_154330\BPVersioning_chrome\BPVersioning_chrome_204_Jul_154744.jpg <a href=C:\Users\sagar\Java_Workspace\BP-3.1MajorRelease\Reports\23Jul_154330\BPVersioning_chrome\BPVersioning_chrome_204_Jul_154744.jpg alt='alternative text'>Step</a> Element [[ChromeDriver: chrome on WINDOWS (d865ef6037afffe20f422ddde06fd4af)] -> xpath: //button[@class='btn btn-submit']]is displayed on screen Clicking on element Poc_QA SubmitCreatePage C:\Users\sagar\Java_Workspace\BP-3.1MajorRelease\Reports\23Jul_154330\BPVersioning_chrome\BPVersioning_chrome_204_Jul_154745.jpg <a href=C:\Users\sagar\Java_Workspace\BP-3.1MajorRelease\Reports\23Jul_154330\BPVersioning_chrome\BPVersioning_chrome_204_Jul_154745.jpg alt='alternative text'>Step</a> Element [[ChromeDriver: chrome on WINDOWS (d865ef6037afffe20f422ddde06fd4af)] -> xpath: //h1[@class='h1' and contains(.,'Create a Environment')]]is displayed on screen Element is present [[ChromeDriver: chrome on WINDOWS (d865ef6037afffe20f422ddde06fd4af)] -> xpath: //h1[@class='h1' and contains(.,'Create a Environment')]] C:\Users\sagar\Java_Workspace\BP-3.1MajorRelease\Reports\23Jul_154330\BPVersioning_chrome\BPVersioning_chrome_204_Jul_154749.jpg <a href=C:\Users\sagar\Java_Workspace\BP-3.1MajorRelease\Reports\23Jul_154330\BPVersioning_chrome\BPVersioning_chrome_204_Jul_154749.jpg alt='alternative text'>Step</a> Element [[ChromeDriver: chrome on WINDOWS (d865ef6037afffe20f422ddde06fd4af)] -> xpath: //div[@class='staticwrap-inner']]is displayed on screen Element is present [[ChromeDriver: chrome on WINDOWS (d865ef6037afffe20f422ddde06fd4af)] -> xpath: //div[@class='staticwrap-inner']] C:\Users\sagar\Java_Workspace\BP-3.1MajorRelease\Reports\23Jul_154330\BPVersioning_chrome\BPVersioning_chrome_204_Jul_154749.jpg <a href=C:\Users\sagar\Java_Workspace\BP-3.1MajorRelease\Reports\23Jul_154330\BPVersioning_chrome\BPVersioning_chrome_204_Jul_154749.jpg alt='alternative text'>Step</a> Element [[ChromeDriver: chrome on WINDOWS (d865ef6037afffe20f422ddde06fd4af)] -> xpath: //select[@name='env_id']]is displayed on screen Element is present [[ChromeDriver: chrome on WINDOWS (d865ef6037afffe20f422ddde06fd4af)] -> xpath: //select[@name='env_id']] C:\Users\sagar\Java_Workspace\BP-3.1MajorRelease\Reports\23Jul_154330\BPVersioning_chrome\BPVersioning_chrome_204_Jul_154750.jpg <a href=C:\Users\sagar\Java_Workspace\BP-3.1MajorRelease\Reports\23Jul_154330\BPVersioning_chrome\BPVersioning_chrome_204_Jul_154750.jpg alt='alternative text'>Step</a> Element [[ChromeDriver: chrome on WINDOWS (d865ef6037afffe20f422ddde06fd4af)] -> xpath: //button[@class='btn btn-submit']]is displayed on screen Element is present [[ChromeDriver: chrome on WINDOWS (d865ef6037afffe20f422ddde06fd4af)] -> xpath: //button[@class='btn btn-submit']] C:\Users\sagar\Java_Workspace\BP-3.1MajorRelease\Reports\23Jul_154330\BPVersioning_chrome\BPVersioning_chrome_204_Jul_154750.jpg <a href=C:\Users\sagar\Java_Workspace\BP-3.1MajorRelease\Reports\23Jul_154330\BPVersioning_chrome\BPVersioning_chrome_204_Jul_154750.jpg alt='alternative text'>Step</a> Element [[ChromeDriver: chrome on WINDOWS (d865ef6037afffe20f422ddde06fd4af)] -> xpath: //button[@class='btn btn-submit']]is displayed on screen Clicking on element Poc_QA SubmitEnvPage C:\Users\sagar\Java_Workspace\BP-3.1MajorRelease\Reports\23Jul_154330\BPVersioning_chrome\BPVersioning_chrome_204_Jul_154750.jpg <a href=C:\Users\sagar\Java_Workspace\BP-3.1MajorRelease\Reports\23Jul_154330\BPVersioning_chrome\BPVersioning_chrome_204_Jul_154750.jpg alt='alternative text'>Step</a> Element [[ChromeDriver: chrome on WINDOWS (d865ef6037afffe20f422ddde06fd4af)] -> xpath: //div[@class='font-27 font-family-nunito font-weight-300 lh-12 mr-5']]is displayed on screen Element is present [[ChromeDriver: chrome on WINDOWS (d865ef6037afffe20f422ddde06fd4af)] -> xpath: //div[@class='font-27 font-family-nunito font-weight-300 lh-12 mr-5']] C:\Users\sagar\Java_Workspace\BP-3.1MajorRelease\Reports\23Jul_154330\BPVersioning_chrome\BPVersioning_chrome_204_Jul_154758.jpg <a href=C:\Users\sagar\Java_Workspace\BP-3.1MajorRelease\Reports\23Jul_154330\BPVersioning_chrome\BPVersioning_chrome_204_Jul_154758.jpg alt='alternative text'>Step</a> Element [[ChromeDriver: chrome on WINDOWS (d865ef6037afffe20f422ddde06fd4af)] -> xpath: //span[contains(text(),'Project:')]]is displayed on screen Element is present [[ChromeDriver: chrome on WINDOWS (d865ef6037afffe20f422ddde06fd4af)] -> xpath: //span[contains(text(),'Project:')]] C:\Users\sagar\Java_Workspace\BP-3.1MajorRelease\Reports\23Jul_154330\BPVersioning_chrome\BPVersioning_chrome_204_Jul_154758.jpg <a href=C:\Users\sagar\Java_Workspace\BP-3.1MajorRelease\Reports\23Jul_154330\BPVersioning_chrome\BPVersioning_chrome_204_Jul_154758.jpg alt='alternative text'>Step</a> Element [[ChromeDriver: chrome on WINDOWS (d865ef6037afffe20f422ddde06fd4af)] -> xpath: //span[contains(text(),'Job Template: ')]]is displayed on screen Element is present [[ChromeDriver: chrome on WINDOWS (d865ef6037afffe20f422ddde06fd4af)] -> xpath: //span[contains(text(),'Job Template: ')]] C:\Users\sagar\Java_Workspace\BP-3.1MajorRelease\Reports\23Jul_154330\BPVersioning_chrome\BPVersioning_chrome_204_Jul_154800.jpg <a href=C:\Users\sagar\Java_Workspace\BP-3.1MajorRelease\Reports\23Jul_154330\BPVersioning_chrome\BPVersioning_chrome_204_Jul_154800.jpg alt='alternative text'>Step</a> Element [[ChromeDriver: chrome on WINDOWS (d865ef6037afffe20f422ddde06fd4af)] -> xpath: //*[text()='Env Build Details']]is displayed on screen Element is present [[ChromeDriver: chrome on WINDOWS (d865ef6037afffe20f422ddde06fd4af)] -> xpath: //*[text()='Env Build Details']] C:\Users\sagar\Java_Workspace\BP-3.1MajorRelease\Reports\23Jul_154330\BPVersioning_chrome\BPVersioning_chrome_204_Jul_154801.jpg <a href=C:\Users\sagar\Java_Workspace\BP-3.1MajorRelease\Reports\23Jul_154330\BPVersioning_chrome\BPVersioning_chrome_204_Jul_154801.jpg alt='alternative text'>Step</a> Element [[ChromeDriver: chrome on WINDOWS (d865ef6037afffe20f422ddde06fd4af)] -> xpath: //*[text()='Env Build Details']]is displayed on screen Clicking on element Poc_QA validateBuildDetails C:\Users\sagar\Java_Workspace\BP-3.1MajorRelease\Reports\23Jul_154330\BPVersioning_chrome\BPVersioning_chrome_204_Jul_154801.jpg <a href=C:\Users\sagar\Java_Workspace\BP-3.1MajorRelease\Reports\23Jul_154330\BPVersioning_chrome\BPVersioning_chrome_204_Jul_154801.jpg alt='alternative text'>Step</a> Element [[ChromeDriver: chrome on WINDOWS (d865ef6037afffe20f422ddde06fd4af)] -> xpath: //p[@class='main-text mb-10']]is displayed on screen Element is present [[ChromeDriver: chrome on WINDOWS (d865ef6037afffe20f422ddde06fd4af)] -> xpath: //p[@class='main-text mb-10']] C:\Users\sagar\Java_Workspace\BP-3.1MajorRelease\Reports\23Jul_154330\BPVersioning_chrome\BPVersioning_chrome_204_Jul_154801.jpg <a href=C:\Users\sagar\Java_Workspace\BP-3.1MajorRelease\Reports\23Jul_154330\BPVersioning_chrome\BPVersioning_chrome_204_Jul_154801.jpg alt='alternative text'>Step</a> Element [[ChromeDriver: chrome on WINDOWS (d865ef6037afffe20f422ddde06fd4af)] -> xpath: //span[@class='sub-text mb-10']]is displayed on screen Element is present [[ChromeDriver: chrome on WINDOWS (d865ef6037afffe20f422ddde06fd4af)] -> xpath: //span[@class='sub-text mb-10']] C:\Users\sagar\Java_Workspace\BP-3.1MajorRelease\Reports\23Jul_154330\BPVersioning_chrome\BPVersioning_chrome_204_Jul_154802.jpg <a href=C:\Users\sagar\Java_Workspace\BP-3.1MajorRelease\Reports\23Jul_154330\BPVersioning_chrome\BPVersioning_chrome_204_Jul_154802.jpg alt='alternative text'>Step</a> Element [[ChromeDriver: chrome on WINDOWS (d865ef6037afffe20f422ddde06fd4af)] -> xpath: //*[text()='Env Deploy Details']]is displayed on screen Element is present [[ChromeDriver: chrome on WINDOWS (d865ef6037afffe20f422ddde06fd4af)] -> xpath: //*[text()='Env Deploy Details']] C:\Users\sagar\Java_Workspace\BP-3.1MajorRelease\Reports\23Jul_154330\BPVersioning_chrome\BPVersioning_chrome_204_Jul_154802.jpg <a href=C:\Users\sagar\Java_Workspace\BP-3.1MajorRelease\Reports\23Jul_154330\BPVersioning_chrome\BPVersioning_chrome_204_Jul_154802.jpg alt='alternative text'>Step</a> Element [[ChromeDriver: chrome on WINDOWS (d865ef6037afffe20f422ddde06fd4af)] -> xpath: //*[text()='Env Deploy Details']]is displayed on screen Clicking on element Poc_QA validateDeployDetails C:\Users\sagar\Java_Workspace\BP-3.1MajorRelease\Reports\23Jul_154330\BPVersioning_chrome\BPVersioning_chrome_204_Jul_154802.jpg <a href=C:\Users\sagar\Java_Workspace\BP-3.1MajorRelease\Reports\23Jul_154330\BPVersioning_chrome\BPVersioning_chrome_204_Jul_154802.jpg alt='alternative text'>Step</a> Element [[ChromeDriver: chrome on WINDOWS (d865ef6037afffe20f422ddde06fd4af)] -> xpath: //p[@class='main-text mb-10']]is displayed on screen Element is present [[ChromeDriver: chrome on WINDOWS (d865ef6037afffe20f422ddde06fd4af)] -> xpath: //p[@class='main-text mb-10']] C:\Users\sagar\Java_Workspace\BP-3.1MajorRelease\Reports\23Jul_154330\BPVersioning_chrome\BPVersioning_chrome_204_Jul_154803.jpg <a href=C:\Users\sagar\Java_Workspace\BP-3.1MajorRelease\Reports\23Jul_154330\BPVersioning_chrome\BPVersioning_chrome_204_Jul_154803.jpg alt='alternative text'>Step</a> Element [[ChromeDriver: chrome on WINDOWS (d865ef6037afffe20f422ddde06fd4af)] -> xpath: //span[@class='sub-text mb-10']]is displayed on screen Element is present [[ChromeDriver: chrome on WINDOWS (d865ef6037afffe20f422ddde06fd4af)] -> xpath: //span[@class='sub-text mb-10']] C:\Users\sagar\Java_Workspace\BP-3.1MajorRelease\Reports\23Jul_154330\BPVersioning_chrome\BPVersioning_chrome_204_Jul_154803.jpg <a href=C:\Users\sagar\Java_Workspace\BP-3.1MajorRelease\Reports\23Jul_154330\BPVersioning_chrome\BPVersioning_chrome_204_Jul_154803.jpg alt='alternative text'>Step</a> Element [[ChromeDriver: chrome on WINDOWS (d865ef6037afffe20f422ddde06fd4af)] -> xpath: //*[text()='To have a very smooth configuration we strongly recommend BuildPiper UI.']]is displayed on screen Element is present [[ChromeDriver: chrome on WINDOWS (d865ef6037afffe20f422ddde06fd4af)] -> xpath: //*[text()='To have a very smooth configuration we strongly recommend BuildPiper UI.']] C:\Users\sagar\Java_Workspace\BP-3.1MajorRelease\Reports\23Jul_154330\BPVersioning_chrome\BPVersioning_chrome_204_Jul_154803.jpg <a href=C:\Users\sagar\Java_Workspace\BP-3.1MajorRelease\Reports\23Jul_154330\BPVersioning_chrome\BPVersioning_chrome_204_Jul_154803.jpg alt='alternative text'>Step</a> Element [[ChromeDriver: chrome on WINDOWS (d865ef6037afffe20f422ddde06fd4af)] -> xpath: //*[text()='you can also configure the CD by uploading your custom manifest file.']]is displayed on screen Element is present [[ChromeDriver: chrome on WINDOWS (d865ef6037afffe20f422ddde06fd4af)] -> xpath: //*[text()='you can also configure the CD by uploading your custom manifest file.']] C:\Users\sagar\Java_Workspace\BP-3.1MajorRelease\Reports\23Jul_154330\BPVersioning_chrome\BPVersioning_chrome_204_Jul_154803.jpg <a href=C:\Users\sagar\Java_Workspace\BP-3.1MajorRelease\Reports\23Jul_154330\BPVersioning_chrome\BPVersioning_chrome_204_Jul_154803.jpg alt='alternative text'>Step</a> checking if driver exist C:\Users\sagar\Java_Workspace\BP-3.1MajorRelease\Reports\23Jul_154330\BPVersioning_chrome\BPVersioning_chrome_204_Jul_154804.jpg <a href=C:\Users\sagar\Java_Workspace\BP-3.1MajorRelease\Reports\23Jul_154330\BPVersioning_chrome\BPVersioning_chrome_204_Jul_154804.jpg alt='alternative text'>Step</a> Getting driver  C:\Users\sagar\Java_Workspace\BP-3.1MajorRelease\Reports\23Jul_154330\BPVersioning_chrome\BPVersioning_chrome_204_Jul_154804.jpg <a href=C:\Users\sagar\Java_Workspace\BP-3.1MajorRelease\Reports\23Jul_154330\BPVersioning_chrome\BPVersioning_chrome_204_Jul_154804.jpg alt='alternative text'>Step</a> Getting driver  C:\Users\sagar\Java_Workspace\BP-3.1MajorRelease\Reports\23Jul_154330\BPVersioning_chrome\BPVersioning_chrome_204_Jul_154804.jpg <a href=C:\Users\sagar\Java_Workspace\BP-3.1MajorRelease\Reports\23Jul_154330\BPVersioning_chrome\BPVersioning_chrome_204_Jul_154804.jpg alt='alternative text'>Step</a> Element [[ChromeDriver: chrome on WINDOWS (d865ef6037afffe20f422ddde06fd4af)] -> xpath: //*[text()='Env Build Details']]is displayed on screen Element is present [[ChromeDriver: chrome on WINDOWS (d865ef6037afffe20f422ddde06fd4af)] -> xpath: //*[text()='Env Build Details']] C:\Users\sagar\Java_Workspace\BP-3.1MajorRelease\Reports\23Jul_154330\BPVersioning_chrome\BPVersioning_chrome_204_Jul_154804.jpg <a href=C:\Users\sagar\Java_Workspace\BP-3.1MajorRelease\Reports\23Jul_154330\BPVersioning_chrome\BPVersioning_chrome_204_Jul_154804.jpg alt='alternative text'>Step</a> Element [[ChromeDriver: chrome on WINDOWS (d865ef6037afffe20f422ddde06fd4af)] -> xpath: //*[text()='Env Build Details']]is displayed on screen Clicking on element Poc_QA validateBuildDetails C:\Users\sagar\Java_Workspace\BP-3.1MajorRelease\Reports\23Jul_154330\BPVersioning_chrome\BPVersioning_chrome_204_Jul_154805.jpg <a href=C:\Users\sagar\Java_Workspace\BP-3.1MajorRelease\Reports\23Jul_154330\BPVersioning_chrome\BPVersioning_chrome_204_Jul_154805.jpg alt='alternative text'>Step</a> Element [[ChromeDriver: chrome on WINDOWS (d865ef6037afffe20f422ddde06fd4af)] -> xpath: //*[text()='Configure Build']]is displayed on screen Element is present [[ChromeDriver: chrome on WINDOWS (d865ef6037afffe20f422ddde06fd4af)] -> xpath: //*[text()='Configure Build']] C:\Users\sagar\Java_Workspace\BP-3.1MajorRelease\Reports\23Jul_154330\BPVersioning_chrome\BPVersioning_chrome_204_Jul_154807.jpg <a href=C:\Users\sagar\Java_Workspace\BP-3.1MajorRelease\Reports\23Jul_154330\BPVersioning_chrome\BPVersioning_chrome_204_Jul_154807.jpg alt='alternative text'>Step</a> Element [[ChromeDriver: chrome on WINDOWS (d865ef6037afffe20f422ddde06fd4af)] -> xpath: //*[text()='Configure Build']]is displayed on screen  Element +Proxy element for: DefaultElementLocator 'By.xpath: //*[text()='Configure Build']' is not clickable using selenium click C:\Users\sagar\Java_Workspace\BP-3.1MajorRelease\Reports\23Jul_154330\BPVersioning_chrome\BPVersioning_chrome_204_Jul_154808.jpg <a href=C:\Users\sagar\Java_Workspace\BP-3.1MajorRelease\Reports\23Jul_154330\BPVersioning_chrome\BPVersioning_chrome_204_Jul_154808.jpg alt='alternative text'>Step</a> Clicking on element Poc_QA clickConfigBuild C:\Users\sagar\Java_Workspace\BP-3.1MajorRelease\Reports\23Jul_154330\BPVersioning_chrome\BPVersioning_chrome_204_Jul_154808.jpg <a href=C:\Users\sagar\Java_Workspace\BP-3.1MajorRelease\Reports\23Jul_154330\BPVersioning_chrome\BPVersioning_chrome_204_Jul_154808.jpg alt='alternative text'>Step</a> Element [[ChromeDriver: chrome on WINDOWS (d865ef6037afffe20f422ddde06fd4af)] -> xpath: //div[@class='md-step-circle current']]is displayed on screen Element is present [[ChromeDriver: chrome on WINDOWS (d865ef6037afffe20f422ddde06fd4af)] -> xpath: //div[@class='md-step-circle current']] C:\Users\sagar\Java_Workspace\BP-3.1MajorRelease\Reports\23Jul_154330\BPVersioning_chrome\BPVersioning_chrome_204_Jul_154811.jpg <a href=C:\Users\sagar\Java_Workspace\BP-3.1MajorRelease\Reports\23Jul_154330\BPVersioning_chrome\BPVersioning_chrome_204_Jul_154811.jpg alt='alternative text'>Step</a> Element [[ChromeDriver: chrome on WINDOWS (d865ef6037afffe20f422ddde06fd4af)] -> xpath: //h4[@class='mainHeading']]is displayed on screen Element is present [[ChromeDriver: chrome on WINDOWS (d865ef6037afffe20f422ddde06fd4af)] -> xpath: //h4[@class='mainHeading']] C:\Users\sagar\Java_Workspace\BP-3.1MajorRelease\Reports\23Jul_154330\BPVersioning_chrome\BPVersioning_chrome_204_Jul_154812.jpg <a href=C:\Users\sagar\Java_Workspace\BP-3.1MajorRelease\Reports\23Jul_154330\BPVersioning_chrome\BPVersioning_chrome_204_Jul_154812.jpg alt='alternative text'>Step</a> Element [[ChromeDriver: chrome on WINDOWS (d865ef6037afffe20f422ddde06fd4af)] -> xpath: //*[text()='Please Select the Git URL']]is displayed on screen Element is present [[ChromeDriver: chrome on WINDOWS (d865ef6037afffe20f422ddde06fd4af)] -> xpath: //*[text()='Please Select the Git URL']] C:\Users\sagar\Java_Workspace\BP-3.1MajorRelease\Reports\23Jul_154330\BPVersioning_chrome\BPVersioning_chrome_204_Jul_154812.jpg <a href=C:\Users\sagar\Java_Workspace\BP-3.1MajorRelease\Reports\23Jul_154330\BPVersioning_chrome\BPVersioning_chrome_204_Jul_154812.jpg alt='alternative text'>Step</a> Element [[ChromeDriver: chrome on WINDOWS (d865ef6037afffe20f422ddde06fd4af)] -> xpath: //div[@class='MuiInputBase-root MuiOutlinedInput-root MuiAutocomplete-inputRoot MuiInputBase-fullWidth MuiInputBase-formControl MuiInputBase-adornedEnd MuiOutlinedInput-adornedEnd']]is displayed on screen Element is present [[ChromeDriver: chrome on WINDOWS (d865ef6037afffe20f422ddde06fd4af)] -> xpath: //div[@class='MuiInputBase-root MuiOutlinedInput-root MuiAutocomplete-inputRoot MuiInputBase-fullWidth MuiInputBase-formControl MuiInputBase-adornedEnd MuiOutlinedInput-adornedEnd']] C:\Users\sagar\Java_Workspace\BP-3.1MajorRelease\Reports\23Jul_154330\BPVersioning_chrome\BPVersioning_chrome_204_Jul_154812.jpg <a href=C:\Users\sagar\Java_Workspace\BP-3.1MajorRelease\Reports\23Jul_154330\BPVersioning_chrome\BPVersioning_chrome_204_Jul_154812.jpg alt='alternative text'>Step</a> Element [[ChromeDriver: chrome on WINDOWS (d865ef6037afffe20f422ddde06fd4af)] -> xpath: //input[@name='git_url']]is displayed on screen Clicking on element Poc_QA gitUrlInputField C:\Users\sagar\Java_Workspace\BP-3.1MajorRelease\Reports\23Jul_154330\BPVersioning_chrome\BPVersioning_chrome_204_Jul_154813.jpg <a href=C:\Users\sagar\Java_Workspace\BP-3.1MajorRelease\Reports\23Jul_154330\BPVersioning_chrome\BPVersioning_chrome_204_Jul_154813.jpg alt='alternative text'>Step</a> Element [[ChromeDriver: chrome on WINDOWS (d865ef6037afffe20f422ddde06fd4af)] -> xpath: //button[@title='Clear']]is displayed on screen Clicking on element ClicksclearField C:\Users\sagar\Java_Workspace\BP-3.1MajorRelease\Reports\23Jul_154330\BPVersioning_chrome\BPVersioning_chrome_204_Jul_154818.jpg <a href=C:\Users\sagar\Java_Workspace\BP-3.1MajorRelease\Reports\23Jul_154330\BPVersioning_chrome\BPVersioning_chrome_204_Jul_154818.jpg alt='alternative text'>Step</a> Element [[ChromeDriver: chrome on WINDOWS (d865ef6037afffe20f422ddde06fd4af)] -> xpath: //input[@name='git_url']]is displayed on screen Element [[ChromeDriver: chrome on WINDOWS (d865ef6037afffe20f422ddde06fd4af)] -> xpath: //*[text()='Load Branches']]is displayed on screen Element is present [[ChromeDriver: chrome on WINDOWS (d865ef6037afffe20f422ddde06fd4af)] -> xpath: //*[text()='Load Branches']] C:\Users\sagar\Java_Workspace\BP-3.1MajorRelease\Reports\23Jul_154330\BPVersioning_chrome\BPVersioning_chrome_204_Jul_154828.jpg <a href=C:\Users\sagar\Java_Workspace\BP-3.1MajorRelease\Reports\23Jul_154330\BPVersioning_chrome\BPVersioning_chrome_204_Jul_154828.jpg alt='alternative text'>Step</a> Element [[ChromeDriver: chrome on WINDOWS (d865ef6037afffe20f422ddde06fd4af)] -> xpath: //*[text()='Load Branches']]is displayed on screen Clicking on element Poc_QA loadBranchesBtn C:\Users\sagar\Java_Workspace\BP-3.1MajorRelease\Reports\23Jul_154330\BPVersioning_chrome\BPVersioning_chrome_204_Jul_154828.jpg <a href=C:\Users\sagar\Java_Workspace\BP-3.1MajorRelease\Reports\23Jul_154330\BPVersioning_chrome\BPVersioning_chrome_204_Jul_154828.jpg alt='alternative text'>Step</a> Element [[ChromeDriver: chrome on WINDOWS (d865ef6037afffe20f422ddde06fd4af)] -> xpath: //input[@name='file_paths']]is displayed on screen Element [[ChromeDriver: chrome on WINDOWS (d865ef6037afffe20f422ddde06fd4af)] -> xpath: //input[@name='file_paths_build_context']]is displayed on screen Element [[ChromeDriver: chrome on WINDOWS (d865ef6037afffe20f422ddde06fd4af)] -> xpath: //*[text()='Advance Configurations']]is displayed on screen Element is present [[ChromeDriver: chrome on WINDOWS (d865ef6037afffe20f422ddde06fd4af)] -> xpath: //*[text()='Advance Configurations']] C:\Users\sagar\Java_Workspace\BP-3.1MajorRelease\Reports\23Jul_154330\BPVersioning_chrome\BPVersioning_chrome_204_Jul_154842.jpg <a href=C:\Users\sagar\Java_Workspace\BP-3.1MajorRelease\Reports\23Jul_154330\BPVersioning_chrome\BPVersioning_chrome_204_Jul_154842.jpg alt='alternative text'>Step</a> Element [[ChromeDriver: chrome on WINDOWS (d865ef6037afffe20f422ddde06fd4af)] -> xpath: //button[text()='Continue']]is displayed on screen Clicking on element Poc_QA clickContinueBtn C:\Users\sagar\Java_Workspace\BP-3.1MajorRelease\Reports\23Jul_154330\BPVersioning_chrome\BPVersioning_chrome_204_Jul_154843.jpg <a href=C:\Users\sagar\Java_Workspace\BP-3.1MajorRelease\Reports\23Jul_154330\BPVersioning_chrome\BPVersioning_chrome_204_Jul_154843.jpg alt='alternative text'>Step</a> Element [[ChromeDriver: chrome on WINDOWS (d865ef6037afffe20f422ddde06fd4af)] -> xpath: //h4[@class='mainHeading']]is displayed on screen Element is present [[ChromeDriver: chrome on WINDOWS (d865ef6037afffe20f422ddde06fd4af)] -> xpath: //h4[@class='mainHeading']] C:\Users\sagar\Java_Workspace\BP-3.1MajorRelease\Reports\23Jul_154330\BPVersioning_chrome\BPVersioning_chrome_204_Jul_154848.jpg <a href=C:\Users\sagar\Java_Workspace\BP-3.1MajorRelease\Reports\23Jul_154330\BPVersioning_chrome\BPVersioning_chrome_204_Jul_154848.jpg alt='alternative text'>Step</a> Element [[ChromeDriver: chrome on WINDOWS (d865ef6037afffe20f422ddde06fd4af)] -> xpath: //*[text()='Build Env Details']]is displayed on screen Element is present [[ChromeDriver: chrome on WINDOWS (d865ef6037afffe20f422ddde06fd4af)] -> xpath: //*[text()='Build Env Details']] C:\Users\sagar\Java_Workspace\BP-3.1MajorRelease\Reports\23Jul_154330\BPVersioning_chrome\BPVersioning_chrome_204_Jul_154848.jpg <a href=C:\Users\sagar\Java_Workspace\BP-3.1MajorRelease\Reports\23Jul_154330\BPVersioning_chrome\BPVersioning_chrome_204_Jul_154848.jpg alt='alternative text'>Step</a> Element [[ChromeDriver: chrome on WINDOWS (d865ef6037afffe20f422ddde06fd4af)] -> xpath: //span[@class='switch-label'][@data-on]]is displayed on screen Clicking on element Poc_QA envDetailsSwitch C:\Users\sagar\Java_Workspace\BP-3.1MajorRelease\Reports\23Jul_154330\BPVersioning_chrome\BPVersioning_chrome_204_Jul_154849.jpg <a href=C:\Users\sagar\Java_Workspace\BP-3.1MajorRelease\Reports\23Jul_154330\BPVersioning_chrome\BPVersioning_chrome_204_Jul_154849.jpg alt='alternative text'>Step</a> Element [[ChromeDriver: chrome on WINDOWS (d865ef6037afffe20f422ddde06fd4af)] -> xpath: //input[@name='key']]is displayed on screen Setting value on element Poc_QA envName C:\Users\sagar\Java_Workspace\BP-3.1MajorRelease\Reports\23Jul_154330\BPVersioning_chrome\BPVersioning_chrome_204_Jul_154849.jpg <a href=C:\Users\sagar\Java_Workspace\BP-3.1MajorRelease\Reports\23Jul_154330\BPVersioning_chrome\BPVersioning_chrome_204_Jul_154849.jpg alt='alternative text'>Step</a> Element [[ChromeDriver: chrome on WINDOWS (d865ef6037afffe20f422ddde06fd4af)] -> xpath: //input[@name='value']]is displayed on screen Setting value on element Poc_QA envValue C:\Users\sagar\Java_Workspace\BP-3.1MajorRelease\Reports\23Jul_154330\BPVersioning_chrome\BPVersioning_chrome_204_Jul_154849.jpg <a href=C:\Users\sagar\Java_Workspace\BP-3.1MajorRelease\Reports\23Jul_154330\BPVersioning_chrome\BPVersioning_chrome_204_Jul_154849.jpg alt='alternative text'>Step</a> Element [[ChromeDriver: chrome on WINDOWS (d865ef6037afffe20f422ddde06fd4af)] -> xpath: //button[text()='Continue']]is displayed on screen Clicking on element Poc_QA clickContinueBtn C:\Users\sagar\Java_Workspace\BP-3.1MajorRelease\Reports\23Jul_154330\BPVersioning_chrome\BPVersioning_chrome_204_Jul_154850.jpg <a href=C:\Users\sagar\Java_Workspace\BP-3.1MajorRelease\Reports\23Jul_154330\BPVersioning_chrome\BPVersioning_chrome_204_Jul_154850.jpg alt='alternative text'>Step</a> Element [[ChromeDriver: chrome on WINDOWS (d865ef6037afffe20f422ddde06fd4af)] -> xpath: //input[@name='pre_hook_enabled']/../span[@class='switch-handle']]is displayed on screen Clicking on element Poc_QA preHooksSwitch C:\Users\sagar\Java_Workspace\BP-3.1MajorRelease\Reports\23Jul_154330\BPVersioning_chrome\BPVersioning_chrome_204_Jul_154850.jpg <a href=C:\Users\sagar\Java_Workspace\BP-3.1MajorRelease\Reports\23Jul_154330\BPVersioning_chrome\BPVersioning_chrome_204_Jul_154850.jpg alt='alternative text'>Step</a> Element [[ChromeDriver: chrome on WINDOWS (d865ef6037afffe20f422ddde06fd4af)] -> xpath: //p[contains(.,'Add Pre Hook')]/../../..//input[@placeholder='Run Command' and string-length(@value)=0]]is displayed on screen Setting value on element Poc_QA preHooksPasswordBox1 C:\Users\sagar\Java_Workspace\BP-3.1MajorRelease\Reports\23Jul_154330\BPVersioning_chrome\BPVersioning_chrome_204_Jul_154851.jpg <a href=C:\Users\sagar\Java_Workspace\BP-3.1MajorRelease\Reports\23Jul_154330\BPVersioning_chrome\BPVersioning_chrome_204_Jul_154851.jpg alt='alternative text'>Step</a> Element [[ChromeDriver: chrome on WINDOWS (d865ef6037afffe20f422ddde06fd4af)] -> xpath: //button[@class='nowrap']]is displayed on screen Clicking on element clicks on add New Hook C:\Users\sagar\Java_Workspace\BP-3.1MajorRelease\Reports\23Jul_154330\BPVersioning_chrome\BPVersioning_chrome_204_Jul_154851.jpg <a href=C:\Users\sagar\Java_Workspace\BP-3.1MajorRelease\Reports\23Jul_154330\BPVersioning_chrome\BPVersioning_chrome_204_Jul_154851.jpg alt='alternative text'>Step</a> Element [[ChromeDriver: chrome on WINDOWS (d865ef6037afffe20f422ddde06fd4af)] -> xpath: //p[contains(.,'Add Pre Hook')]/../../..//input[@placeholder='Run Command' and string-length(@value)=0]]is displayed on screen Setting value on element Poc_QA preHooksPasswordBox2 C:\Users\sagar\Java_Workspace\BP-3.1MajorRelease\Reports\23Jul_154330\BPVersioning_chrome\BPVersioning_chrome_204_Jul_154851.jpg <a href=C:\Users\sagar\Java_Workspace\BP-3.1MajorRelease\Reports\23Jul_154330\BPVersioning_chrome\BPVersioning_chrome_204_Jul_154851.jpg alt='alternative text'>Step</a> Element [[ChromeDriver: chrome on WINDOWS (d865ef6037afffe20f422ddde06fd4af)] -> xpath: //input[@name='post_hook_enabled']/../span[@class='switch-handle']]is displayed on screen Clicking on element Poc_QA postHooksSwitch C:\Users\sagar\Java_Workspace\BP-3.1MajorRelease\Reports\23Jul_154330\BPVersioning_chrome\BPVersioning_chrome_204_Jul_154852.jpg <a href=C:\Users\sagar\Java_Workspace\BP-3.1MajorRelease\Reports\23Jul_154330\BPVersioning_chrome\BPVersioning_chrome_204_Jul_154852.jpg alt='alternative text'>Step</a> Element [[ChromeDriver: chrome on WINDOWS (d865ef6037afffe20f422ddde06fd4af)] -> xpath: //p[contains(.,'Add Post Hook')]/../../..//input[@placeholder='Run Command' and string-length(@value)=0]]is displayed on screen Setting value on element Poc_QA postHooksPasswordBox1 C:\Users\sagar\Java_Workspace\BP-3.1MajorRelease\Reports\23Jul_154330\BPVersioning_chrome\BPVersioning_chrome_204_Jul_154852.jpg <a href=C:\Users\sagar\Java_Workspace\BP-3.1MajorRelease\Reports\23Jul_154330\BPVersioning_chrome\BPVersioning_chrome_204_Jul_154852.jpg alt='alternative text'>Step</a> Element [[ChromeDriver: chrome on WINDOWS (d865ef6037afffe20f422ddde06fd4af)] -> xpath: (//button[@class='nowrap'])[2]]is displayed on screen Clicking on element clicks on add New Post Hook C:\Users\sagar\Java_Workspace\BP-3.1MajorRelease\Reports\23Jul_154330\BPVersioning_chrome\BPVersioning_chrome_204_Jul_154852.jpg <a href=C:\Users\sagar\Java_Workspace\BP-3.1MajorRelease\Reports\23Jul_154330\BPVersioning_chrome\BPVersioning_chrome_204_Jul_154852.jpg alt='alternative text'>Step</a> Element [[ChromeDriver: chrome on WINDOWS (d865ef6037afffe20f422ddde06fd4af)] -> xpath: //p[contains(.,'Add Post Hook')]/../../..//input[@placeholder='Run Command' and string-length(@value)=0]]is displayed on screen Setting value on element Poc_QA postHooksPasswordBox2 C:\Users\sagar\Java_Workspace\BP-3.1MajorRelease\Reports\23Jul_154330\BPVersioning_chrome\BPVersioning_chrome_204_Jul_154853.jpg <a href=C:\Users\sagar\Java_Workspace\BP-3.1MajorRelease\Reports\23Jul_154330\BPVersioning_chrome\BPVersioning_chrome_204_Jul_154853.jpg alt='alternative text'>Step</a> Element [[ChromeDriver: chrome on WINDOWS (d865ef6037afffe20f422ddde06fd4af)] -> xpath: //button[@class='btn btn-submit']]is displayed on screen Clicking on element Poc_QA submitHooks C:\Users\sagar\Java_Workspace\BP-3.1MajorRelease\Reports\23Jul_154330\BPVersioning_chrome\BPVersioning_chrome_204_Jul_154853.jpg <a href=C:\Users\sagar\Java_Workspace\BP-3.1MajorRelease\Reports\23Jul_154330\BPVersioning_chrome\BPVersioning_chrome_204_Jul_154853.jpg alt='alternative text'>Step</a> Element [[ChromeDriver: chrome on WINDOWS (d865ef6037afffe20f422ddde06fd4af)] -> xpath: /html/body/div[1]/div/main/div[1]/div/div[1]/div/div/div[2]/div[2]/span[2]]is displayed on screen Element is present [[ChromeDriver: chrome on WINDOWS (d865ef6037afffe20f422ddde06fd4af)] -> xpath: /html/body/div[1]/div/main/div[1]/div/div[1]/div/div/div[2]/div[2]/span[2]] C:\Users\sagar\Java_Workspace\BP-3.1MajorRelease\Reports\23Jul_154330\BPVersioning_chrome\BPVersioning_chrome_204_Jul_154858.jpg <a href=C:\Users\sagar\Java_Workspace\BP-3.1MajorRelease\Reports\23Jul_154330\BPVersioning_chrome\BPVersioning_chrome_204_Jul_154858.jpg alt='alternative text'>Step</a> Element [[ChromeDriver: chrome on WINDOWS (d865ef6037afffe20f422ddde06fd4af)] -> xpath: //*[text()='Job Template: ']]is displayed on screen Element is present [[ChromeDriver: chrome on WINDOWS (d865ef6037afffe20f422ddde06fd4af)] -> xpath: //*[text()='Job Template: ']] C:\Users\sagar\Java_Workspace\BP-3.1MajorRelease\Reports\23Jul_154330\BPVersioning_chrome\BPVersioning_chrome_204_Jul_154859.jpg <a href=C:\Users\sagar\Java_Workspace\BP-3.1MajorRelease\Reports\23Jul_154330\BPVersioning_chrome\BPVersioning_chrome_204_Jul_154859.jpg alt='alternative text'>Step</a> checking if driver exist C:\Users\sagar\Java_Workspace\BP-3.1MajorRelease\Reports\23Jul_154330\BPVersioning_chrome\BPVersioning_chrome_204_Jul_154859.jpg <a href=C:\Users\sagar\Java_Workspace\BP-3.1MajorRelease\Reports\23Jul_154330\BPVersioning_chrome\BPVersioning_chrome_204_Jul_154859.jpg alt='alternative text'>Step</a> Getting driver  C:\Users\sagar\Java_Workspace\BP-3.1MajorRelease\Reports\23Jul_154330\BPVersioning_chrome\BPVersioning_chrome_204_Jul_154900.jpg <a href=C:\Users\sagar\Java_Workspace\BP-3.1MajorRelease\Reports\23Jul_154330\BPVersioning_chrome\BPVersioning_chrome_204_Jul_154900.jpg alt='alternative text'>Step</a> Getting driver  C:\Users\sagar\Java_Workspace\BP-3.1MajorRelease\Reports\23Jul_154330\BPVersioning_chrome\BPVersioning_chrome_204_Jul_154900.jpg <a href=C:\Users\sagar\Java_Workspace\BP-3.1MajorRelease\Reports\23Jul_154330\BPVersioning_chrome\BPVersioning_chrome_204_Jul_154900.jpg alt='alternative text'>Step</a> Element [[ChromeDriver: chrome on WINDOWS (d865ef6037afffe20f422ddde06fd4af)] -> xpath: //span[text()='IN USE']]is displayed on screen Element is present [[ChromeDriver: chrome on WINDOWS (d865ef6037afffe20f422ddde06fd4af)] -> xpath: //span[text()='IN USE']] C:\Users\sagar\Java_Workspace\BP-3.1MajorRelease\Reports\23Jul_154330\BPVersioning_chrome\BPVersioning_chrome_204_Jul_154900.jpg <a href=C:\Users\sagar\Java_Workspace\BP-3.1MajorRelease\Reports\23Jul_154330\BPVersioning_chrome\BPVersioning_chrome_204_Jul_154900.jpg alt='alternative text'>Step</a> checking if driver exist C:\Users\sagar\Java_Workspace\BP-3.1MajorRelease\Reports\23Jul_154330\BPVersioning_chrome\BPVersioning_chrome_204_Jul_154900.jpg <a href=C:\Users\sagar\Java_Workspace\BP-3.1MajorRelease\Reports\23Jul_154330\BPVersioning_chrome\BPVersioning_chrome_204_Jul_154900.jpg alt='alternative text'>Step</a> Getting driver  C:\Users\sagar\Java_Workspace\BP-3.1MajorRelease\Reports\23Jul_154330\BPVersioning_chrome\BPVersioning_chrome_204_Jul_154900.jpg <a href=C:\Users\sagar\Java_Workspace\BP-3.1MajorRelease\Reports\23Jul_154330\BPVersioning_chrome\BPVersioning_chrome_204_Jul_154900.jpg alt='alternative text'>Step</a> Getting driver  C:\Users\sagar\Java_Workspace\BP-3.1MajorRelease\Reports\23Jul_154330\BPVersioning_chrome\BPVersioning_chrome_204_Jul_154901.jpg <a href=C:\Users\sagar\Java_Workspace\BP-3.1MajorRelease\Reports\23Jul_154330\BPVersioning_chrome\BPVersioning_chrome_204_Jul_154901.jpg alt='alternative text'>Step</a> Element [[ChromeDriver: chrome on WINDOWS (d865ef6037afffe20f422ddde06fd4af)] -> xpath: //button[@type='button' and @aria-controls='menu-appbar']//div//div]is displayed on screen Clicking on element userMenuAppBar C:\Users\sagar\Java_Workspace\BP-3.1MajorRelease\Reports\23Jul_154330\BPVersioning_chrome\BPVersioning_chrome_204_Jul_154901.jpg <a href=C:\Users\sagar\Java_Workspace\BP-3.1MajorRelease\Reports\23Jul_154330\BPVersioning_chrome\BPVersioning_chrome_204_Jul_154901.jpg alt='alternative text'>Step</a> Element [[ChromeDriver: chrome on WINDOWS (d865ef6037afffe20f422ddde06fd4af)] -> xpath: //button[contains(@class,'btn-link-green')][text()=' Switch to Admin Portal']]is displayed on screen Clicking on element switching to user account C:\Users\sagar\Java_Workspace\BP-3.1MajorRelease\Reports\23Jul_154330\BPVersioning_chrome\BPVersioning_chrome_204_Jul_154901.jpg <a href=C:\Users\sagar\Java_Workspace\BP-3.1MajorRelease\Reports\23Jul_154330\BPVersioning_chrome\BPVersioning_chrome_204_Jul_154901.jpg alt='alternative text'>Step</a> checking if driver exist C:\Users\sagar\Java_Workspace\BP-3.1MajorRelease\Reports\23Jul_154330\BPVersioning_chrome\BPVersioning_chrome_204_Jul_154902.jpg <a href=C:\Users\sagar\Java_Workspace\BP-3.1MajorRelease\Reports\23Jul_154330\BPVersioning_chrome\BPVersioning_chrome_204_Jul_154902.jpg alt='alternative text'>Step</a> Getting driver  C:\Users\sagar\Java_Workspace\BP-3.1MajorRelease\Reports\23Jul_154330\BPVersioning_chrome\BPVersioning_chrome_204_Jul_154902.jpg <a href=C:\Users\sagar\Java_Workspace\BP-3.1MajorRelease\Reports\23Jul_154330\BPVersioning_chrome\BPVersioning_chrome_204_Jul_154902.jpg alt='alternative text'>Step</a> Getting driver  C:\Users\sagar\Java_Workspace\BP-3.1MajorRelease\Reports\23Jul_154330\BPVersioning_chrome\BPVersioning_chrome_204_Jul_154902.jpg <a href=C:\Users\sagar\Java_Workspace\BP-3.1MajorRelease\Reports\23Jul_154330\BPVersioning_chrome\BPVersioning_chrome_204_Jul_154902.jpg alt='alternative text'>Step</a> Element [[ChromeDriver: chrome on WINDOWS (d865ef6037afffe20f422ddde06fd4af)] -> xpath: //button[@type='button' and @aria-controls='menu-appbar']//div//div]is displayed on screen Clicking on element userMenuAppBar C:\Users\sagar\Java_Workspace\BP-3.1MajorRelease\Reports\23Jul_154330\BPVersioning_chrome\BPVersioning_chrome_204_Jul_154903.jpg <a href=C:\Users\sagar\Java_Workspace\BP-3.1MajorRelease\Reports\23Jul_154330\BPVersioning_chrome\BPVersioning_chrome_204_Jul_154903.jpg alt='alternative text'>Step</a> Element [[ChromeDriver: chrome on WINDOWS (d865ef6037afffe20f422ddde06fd4af)] -> xpath: //span[text()='System Settings']]is displayed on screen Clicking on element Open System Settings C:\Users\sagar\Java_Workspace\BP-3.1MajorRelease\Reports\23Jul_154330\BPVersioning_chrome\BPVersioning_chrome_204_Jul_154903.jpg <a href=C:\Users\sagar\Java_Workspace\BP-3.1MajorRelease\Reports\23Jul_154330\BPVersioning_chrome\BPVersioning_chrome_204_Jul_154903.jpg alt='alternative text'>Step</a> checking if driver exist C:\Users\sagar\Java_Workspace\BP-3.1MajorRelease\Reports\23Jul_154330\BPVersioning_chrome\BPVersioning_chrome_204_Jul_154903.jpg <a href=C:\Users\sagar\Java_Workspace\BP-3.1MajorRelease\Reports\23Jul_154330\BPVersioning_chrome\BPVersioning_chrome_204_Jul_154903.jpg alt='alternative text'>Step</a> Getting driver  C:\Users\sagar\Java_Workspace\BP-3.1MajorRelease\Reports\23Jul_154330\BPVersioning_chrome\BPVersioning_chrome_204_Jul_154903.jpg <a href=C:\Users\sagar\Java_Workspace\BP-3.1MajorRelease\Reports\23Jul_154330\BPVersioning_chrome\BPVersioning_chrome_204_Jul_154903.jpg alt='alternative text'>Step</a> Getting driver  C:\Users\sagar\Java_Workspace\BP-3.1MajorRelease\Reports\23Jul_154330\BPVersioning_chrome\BPVersioning_chrome_204_Jul_154904.jpg <a href=C:\Users\sagar\Java_Workspace\BP-3.1MajorRelease\Reports\23Jul_154330\BPVersioning_chrome\BPVersioning_chrome_204_Jul_154904.jpg alt='alternative text'>Step</a> Element [[ChromeDriver: chrome on WINDOWS (d865ef6037afffe20f422ddde06fd4af)] -> xpath: //div[text()='Buildpiper Versioning ']]is displayed on screen Element is present [[ChromeDriver: chrome on WINDOWS (d865ef6037afffe20f422ddde06fd4af)] -> xpath: //div[text()='Buildpiper Versioning ']] C:\Users\sagar\Java_Workspace\BP-3.1MajorRelease\Reports\23Jul_154330\BPVersioning_chrome\BPVersioning_chrome_204_Jul_154908.jpg <a href=C:\Users\sagar\Java_Workspace\BP-3.1MajorRelease\Reports\23Jul_154330\BPVersioning_chrome\BPVersioning_chrome_204_Jul_154908.jpg alt='alternative text'>Step</a> Element [[ChromeDriver: chrome on WINDOWS (d865ef6037afffe20f422ddde06fd4af)] -> xpath: //div[text()='Buildpiper Versioning ']]is displayed on screen  Element +[[ChromeDriver: chrome on WINDOWS (d865ef6037afffe20f422ddde06fd4af)] -> xpath: //div[text()='Buildpiper Versioning ']] is not clickable using selenium click C:\Users\sagar\Java_Workspace\BP-3.1MajorRelease\Reports\23Jul_154330\BPVersioning_chrome\BPVersioning_chrome_204_Jul_154909.jpg <a href=C:\Users\sagar\Java_Workspace\BP-3.1MajorRelease\Reports\23Jul_154330\BPVersioning_chrome\BPVersioning_chrome_204_Jul_154909.jpg alt='alternative text'>Step</a> Clicking on element clicks on buildPiper Versioning button C:\Users\sagar\Java_Workspace\BP-3.1MajorRelease\Reports\23Jul_154330\BPVersioning_chrome\BPVersioning_chrome_204_Jul_154910.jpg <a href=C:\Users\sagar\Java_Workspace\BP-3.1MajorRelease\Reports\23Jul_154330\BPVersioning_chrome\BPVersioning_chrome_204_Jul_154910.jpg alt='alternative text'>Step</a> Element [[ChromeDriver: chrome on WINDOWS (d865ef6037afffe20f422ddde06fd4af)] -> xpath: //button[text()='Apply immediately']]is displayed on screen Clicking on element clicks on Apply Setting Immediately button C:\Users\sagar\Java_Workspace\BP-3.1MajorRelease\Reports\23Jul_154330\BPVersioning_chrome\BPVersioning_chrome_204_Jul_154910.jpg <a href=C:\Users\sagar\Java_Workspace\BP-3.1MajorRelease\Reports\23Jul_154330\BPVersioning_chrome\BPVersioning_chrome_204_Jul_154910.jpg alt='alternative text'>Step</a> Getting driver  C:\Users\sagar\Java_Workspace\BP-3.1MajorRelease\Reports\23Jul_154330\BPVersioning_chrome\BPVersioning_chrome_204_Jul_154910.jpg <a href=C:\Users\sagar\Java_Workspace\BP-3.1MajorRelease\Reports\23Jul_154330\BPVersioning_chrome\BPVersioning_chrome_204_Jul_154910.jpg alt='alternative text'>Step</a> Result upload to testlink is disabled, Please ensure you have 'UpdateTestLink=Yes' in project.properties  ####### End of Test Case: BPVersioning #######  </system-out>
  <testcase classname="com.buildpiper.testcases.MajorRelease3_1" name="configMapAndSecretVersioning" time="50.797">
    <error message="Index 0 out of bounds for length 0" type="java.lang.IndexOutOfBoundsException">
      <![CDATA[java.lang.IndexOutOfBoundsException: Index 0 out of bounds for length 0
at java.base/jdk.internal.util.Preconditions.outOfBounds(Preconditions.java:100)
at java.base/jdk.internal.util.Preconditions.outOfBoundsCheckIndex(Preconditions.java:106)
at java.base/jdk.internal.util.Preconditions.checkIndex(Preconditions.java:302)
at java.base/java.util.Objects.checkIndex(Objects.java:359)
at java.base/java.util.ArrayList.get(ArrayList.java:427)
at java.base/jdk.internal.reflect.DirectMethodHandleAccessor.invoke(DirectMethodHandleAccessor.java:104)
at java.base/java.lang.reflect.Method.invoke(Method.java:577)
at org.openqa.selenium.support.pagefactory.internal.LocatingElementListHandler.invoke(LocatingElementListHandler.java:39)
at jdk.proxy2/jdk.proxy2.$Proxy27.get(Unknown Source)
at com.buildpiper.pages.EnvironmentCreationPage.EnvironmentConfigurationAndAssociateServices(EnvironmentCreationPage.java:227)
at com.buildpiper.testcases.MajorRelease3_1.configMapAndSecretVersioning(MajorRelease3_1.java:144)
at java.base/jdk.internal.reflect.DirectMethodHandleAccessor.invoke(DirectMethodHandleAccessor.java:104)
at java.base/java.lang.reflect.Method.invoke(Method.java:577)
at org.testng.internal.MethodInvocationHelper.invokeMethod(MethodInvocationHelper.java:134)
at org.testng.internal.TestInvoker.invokeMethod(TestInvoker.java:597)
at org.testng.internal.TestInvoker.invokeTestMethod(TestInvoker.java:173)
at org.testng.internal.MethodRunner.runInSequence(MethodRunner.java:46)
at org.testng.internal.TestInvoker$MethodInvocationAgent.invoke(TestInvoker.java:816)
at org.testng.internal.TestInvoker.invokeTestMethods(TestInvoker.java:146)
at org.testng.internal.TestMethodWorker.invokeTestMethods(TestMethodWorker.java:146)
at org.testng.internal.TestMethodWorker.run(TestMethodWorker.java:128)
at java.base/java.util.ArrayList.forEach(ArrayList.java:1511)
at org.testng.TestRunner.privateRun(TestRunner.java:766)
at org.testng.TestRunner.run(TestRunner.java:587)
at org.testng.SuiteRunner.runTest(SuiteRunner.java:384)
at org.testng.SuiteRunner.runSequentially(SuiteRunner.java:378)
at org.testng.SuiteRunner.privateRun(SuiteRunner.java:337)
at org.testng.SuiteRunner.run(SuiteRunner.java:286)
at org.testng.SuiteRunnerWorker.runSuite(SuiteRunnerWorker.java:53)
at org.testng.SuiteRunnerWorker.run(SuiteRunnerWorker.java:96)
at org.testng.TestNG.runSuitesSequentially(TestNG.java:1187)
at org.testng.TestNG.runSuitesLocally(TestNG.java:1109)
at org.testng.TestNG.runSuites(TestNG.java:1039)
at org.testng.TestNG.run(TestNG.java:1007)
at org.testng.remote.AbstractRemoteTestNG.run(AbstractRemoteTestNG.java:115)
at org.testng.remote.RemoteTestNG.initAndRun(RemoteTestNG.java:251)
at org.testng.remote.RemoteTestNG.main(RemoteTestNG.java:77)
]]>
    </error>
  </testcase> <!-- configMapAndSecretVersioning -->
  <system-out>
checking if driver exist Getting driver  Getting driver  Getting driver  Setting driver C:\Users\sagar\Java_Workspace\BP-3.1MajorRelease\Reports\23Jul_154330\configMapAndSecretVersioning_chrome\configMapAndSecretVersioning_chrome_204_Jul_154913.jpg <a href=C:\Users\sagar\Java_Workspace\BP-3.1MajorRelease\Reports\23Jul_154330\configMapAndSecretVersioning_chrome\configMapAndSecretVersioning_chrome_204_Jul_154913.jpg alt='alternative text'>Step</a> Getting driver  C:\Users\sagar\Java_Workspace\BP-3.1MajorRelease\Reports\23Jul_154330\configMapAndSecretVersioning_chrome\configMapAndSecretVersioning_chrome_204_Jul_154913.jpg <a href=C:\Users\sagar\Java_Workspace\BP-3.1MajorRelease\Reports\23Jul_154330\configMapAndSecretVersioning_chrome\configMapAndSecretVersioning_chrome_204_Jul_154913.jpg alt='alternative text'>Step</a> Launching driver C:\Users\sagar\Java_Workspace\BP-3.1MajorRelease\Reports\23Jul_154330\configMapAndSecretVersioning_chrome\configMapAndSecretVersioning_chrome_204_Jul_154913.jpg <a href=C:\Users\sagar\Java_Workspace\BP-3.1MajorRelease\Reports\23Jul_154330\configMapAndSecretVersioning_chrome\configMapAndSecretVersioning_chrome_204_Jul_154913.jpg alt='alternative text'>Step</a> Executing; ui_launch Element [[ChromeDriver: chrome on WINDOWS (e0338a99214814d365ca82967087b92f)] -> name: email]is displayed on screen Setting value on element USER_NAME C:\Users\sagar\Java_Workspace\BP-3.1MajorRelease\Reports\23Jul_154330\configMapAndSecretVersioning_chrome\configMapAndSecretVersioning_chrome_204_Jul_154946.jpg <a href=C:\Users\sagar\Java_Workspace\BP-3.1MajorRelease\Reports\23Jul_154330\configMapAndSecretVersioning_chrome\configMapAndSecretVersioning_chrome_204_Jul_154946.jpg alt='alternative text'>Step</a> Element [[ChromeDriver: chrome on WINDOWS (e0338a99214814d365ca82967087b92f)] -> name: password]is displayed on screen Setting value on element PASSWORD C:\Users\sagar\Java_Workspace\BP-3.1MajorRelease\Reports\23Jul_154330\configMapAndSecretVersioning_chrome\configMapAndSecretVersioning_chrome_204_Jul_154947.jpg <a href=C:\Users\sagar\Java_Workspace\BP-3.1MajorRelease\Reports\23Jul_154330\configMapAndSecretVersioning_chrome\configMapAndSecretVersioning_chrome_204_Jul_154947.jpg alt='alternative text'>Step</a> Element [[ChromeDriver: chrome on WINDOWS (e0338a99214814d365ca82967087b92f)] -> xpath: //button[@type='submit']]is displayed on screen Clicking on element LOGIN_BTN C:\Users\sagar\Java_Workspace\BP-3.1MajorRelease\Reports\23Jul_154330\configMapAndSecretVersioning_chrome\configMapAndSecretVersioning_chrome_204_Jul_154947.jpg <a href=C:\Users\sagar\Java_Workspace\BP-3.1MajorRelease\Reports\23Jul_154330\configMapAndSecretVersioning_chrome\configMapAndSecretVersioning_chrome_204_Jul_154947.jpg alt='alternative text'>Step</a> Successful navigation is validated for LoginPage Getting driver  C:\Users\sagar\Java_Workspace\BP-3.1MajorRelease\Reports\23Jul_154330\configMapAndSecretVersioning_chrome\configMapAndSecretVersioning_chrome_204_Jul_154948.jpg <a href=C:\Users\sagar\Java_Workspace\BP-3.1MajorRelease\Reports\23Jul_154330\configMapAndSecretVersioning_chrome\configMapAndSecretVersioning_chrome_204_Jul_154948.jpg alt='alternative text'>Step</a> checking if driver exist C:\Users\sagar\Java_Workspace\BP-3.1MajorRelease\Reports\23Jul_154330\configMapAndSecretVersioning_chrome\configMapAndSecretVersioning_chrome_204_Jul_154949.jpg <a href=C:\Users\sagar\Java_Workspace\BP-3.1MajorRelease\Reports\23Jul_154330\configMapAndSecretVersioning_chrome\configMapAndSecretVersioning_chrome_204_Jul_154949.jpg alt='alternative text'>Step</a> Getting driver  C:\Users\sagar\Java_Workspace\BP-3.1MajorRelease\Reports\23Jul_154330\configMapAndSecretVersioning_chrome\configMapAndSecretVersioning_chrome_204_Jul_154949.jpg <a href=C:\Users\sagar\Java_Workspace\BP-3.1MajorRelease\Reports\23Jul_154330\configMapAndSecretVersioning_chrome\configMapAndSecretVersioning_chrome_204_Jul_154949.jpg alt='alternative text'>Step</a> Getting driver  C:\Users\sagar\Java_Workspace\BP-3.1MajorRelease\Reports\23Jul_154330\configMapAndSecretVersioning_chrome\configMapAndSecretVersioning_chrome_204_Jul_154950.jpg <a href=C:\Users\sagar\Java_Workspace\BP-3.1MajorRelease\Reports\23Jul_154330\configMapAndSecretVersioning_chrome\configMapAndSecretVersioning_chrome_204_Jul_154950.jpg alt='alternative text'>Step</a> checking if driver exist C:\Users\sagar\Java_Workspace\BP-3.1MajorRelease\Reports\23Jul_154330\configMapAndSecretVersioning_chrome\configMapAndSecretVersioning_chrome_204_Jul_154950.jpg <a href=C:\Users\sagar\Java_Workspace\BP-3.1MajorRelease\Reports\23Jul_154330\configMapAndSecretVersioning_chrome\configMapAndSecretVersioning_chrome_204_Jul_154950.jpg alt='alternative text'>Step</a> Getting driver  C:\Users\sagar\Java_Workspace\BP-3.1MajorRelease\Reports\23Jul_154330\configMapAndSecretVersioning_chrome\configMapAndSecretVersioning_chrome_204_Jul_154951.jpg <a href=C:\Users\sagar\Java_Workspace\BP-3.1MajorRelease\Reports\23Jul_154330\configMapAndSecretVersioning_chrome\configMapAndSecretVersioning_chrome_204_Jul_154951.jpg alt='alternative text'>Step</a> Getting driver  C:\Users\sagar\Java_Workspace\BP-3.1MajorRelease\Reports\23Jul_154330\configMapAndSecretVersioning_chrome\configMapAndSecretVersioning_chrome_204_Jul_154952.jpg <a href=C:\Users\sagar\Java_Workspace\BP-3.1MajorRelease\Reports\23Jul_154330\configMapAndSecretVersioning_chrome\configMapAndSecretVersioning_chrome_204_Jul_154952.jpg alt='alternative text'>Step</a> Element [[ChromeDriver: chrome on WINDOWS (e0338a99214814d365ca82967087b92f)] -> xpath: //button[@type='button' and @aria-controls='menu-appbar']//div//div]is displayed on screen  Element +[[ChromeDriver: chrome on WINDOWS (e0338a99214814d365ca82967087b92f)] -> xpath: //button[@type='button' and @aria-controls='menu-appbar']//div//div] is not clickable using selenium click C:\Users\sagar\Java_Workspace\BP-3.1MajorRelease\Reports\23Jul_154330\configMapAndSecretVersioning_chrome\configMapAndSecretVersioning_chrome_204_Jul_155000.jpg <a href=C:\Users\sagar\Java_Workspace\BP-3.1MajorRelease\Reports\23Jul_154330\configMapAndSecretVersioning_chrome\configMapAndSecretVersioning_chrome_204_Jul_155000.jpg alt='alternative text'>Step</a> Clicking on element userMenuAppBar C:\Users\sagar\Java_Workspace\BP-3.1MajorRelease\Reports\23Jul_154330\configMapAndSecretVersioning_chrome\configMapAndSecretVersioning_chrome_204_Jul_155000.jpg <a href=C:\Users\sagar\Java_Workspace\BP-3.1MajorRelease\Reports\23Jul_154330\configMapAndSecretVersioning_chrome\configMapAndSecretVersioning_chrome_204_Jul_155000.jpg alt='alternative text'>Step</a> Element [[ChromeDriver: chrome on WINDOWS (e0338a99214814d365ca82967087b92f)] -> xpath: //button[contains(@class,'btn-link-green')][text()=' Switch to User Portal']]is displayed on screen Clicking on element switching to user account C:\Users\sagar\Java_Workspace\BP-3.1MajorRelease\Reports\23Jul_154330\configMapAndSecretVersioning_chrome\configMapAndSecretVersioning_chrome_204_Jul_155001.jpg <a href=C:\Users\sagar\Java_Workspace\BP-3.1MajorRelease\Reports\23Jul_154330\configMapAndSecretVersioning_chrome\configMapAndSecretVersioning_chrome_204_Jul_155001.jpg alt='alternative text'>Step</a> checking if driver exist C:\Users\sagar\Java_Workspace\BP-3.1MajorRelease\Reports\23Jul_154330\configMapAndSecretVersioning_chrome\configMapAndSecretVersioning_chrome_204_Jul_155001.jpg <a href=C:\Users\sagar\Java_Workspace\BP-3.1MajorRelease\Reports\23Jul_154330\configMapAndSecretVersioning_chrome\configMapAndSecretVersioning_chrome_204_Jul_155001.jpg alt='alternative text'>Step</a> Getting driver  C:\Users\sagar\Java_Workspace\BP-3.1MajorRelease\Reports\23Jul_154330\configMapAndSecretVersioning_chrome\configMapAndSecretVersioning_chrome_204_Jul_155001.jpg <a href=C:\Users\sagar\Java_Workspace\BP-3.1MajorRelease\Reports\23Jul_154330\configMapAndSecretVersioning_chrome\configMapAndSecretVersioning_chrome_204_Jul_155001.jpg alt='alternative text'>Step</a> Getting driver  C:\Users\sagar\Java_Workspace\BP-3.1MajorRelease\Reports\23Jul_154330\configMapAndSecretVersioning_chrome\configMapAndSecretVersioning_chrome_204_Jul_155001.jpg <a href=C:\Users\sagar\Java_Workspace\BP-3.1MajorRelease\Reports\23Jul_154330\configMapAndSecretVersioning_chrome\configMapAndSecretVersioning_chrome_204_Jul_155001.jpg alt='alternative text'>Step</a> Result upload to testlink is disabled, Please ensure you have 'UpdateTestLink=Yes' in project.properties  ####### End of Test Case: configMapAndSecretVersioning #######  </system-out>
  <testcase classname="com.buildpiper.testcases.MajorRelease3_1" name="createServ" time="61.413">
    <failure message="Element USER_NAME Not present on screen, Exception: org.openqa.selenium.NoSuchElementException: no such element: Unable to locate element: {&quot;method&quot;:&quot;css selector&quot;,&quot;selector&quot;:&quot;*[name=&#039;email&#039;]&quot;}
  (Session info: chrome=114.0.5735.199)
For documentation on this error, please visit: https://www.seleniumhq.org/exceptions/no_such_element.html
Build info: version: &#039;3.141.59&#039;, revision: &#039;e82be7d358&#039;, time: &#039;2018-11-14T08:17:03&#039;
System info: host: &#039;VAL&#039;, ip: &#039;192.168.29.91&#039;, os.name: &#039;Windows 11&#039;, os.arch: &#039;amd64&#039;, os.version: &#039;10.0&#039;, java.version: &#039;18.0.1.1&#039;
Driver info: org.openqa.selenium.chrome.ChromeDriver
Capabilities {acceptInsecureCerts: false, browserName: chrome, browserVersion: 114.0.5735.199, chrome: {chromedriverVersion: 114.0.5735.90 (386bc09e8f4f..., userDataDir: C:\Users\sagar\AppData\Loca...}, goog:chromeOptions: {debuggerAddress: localhost:63644}, javascriptEnabled: true, networkConnectionEnabled: false, pageLoadStrategy: normal, platform: WINDOWS, platformName: WINDOWS, proxy: Proxy(), setWindowRect: true, strictFileInteractability: false, timeouts: {implicit: 0, pageLoad: 300000, script: 30000}, unhandledPromptBehavior: dismiss and notify, webauthn:extension:credBlob: true, webauthn:extension:largeBlob: true, webauthn:extension:minPinLength: true, webauthn:extension:prf: true, webauthn:virtualAuthenticators: true}
Session ID: e0338a99214814d365ca82967087b92f
*** Element info: {Using=name, value=email}" type="java.lang.AssertionError">
      <![CDATA[java.lang.AssertionError: Element USER_NAME Not present on screen, Exception: org.openqa.selenium.NoSuchElementException: no such element: Unable to locate element: {"method":"css selector","selector":"*[name='email']"}
  (Session info: chrome=114.0.5735.199)
For documentation on this error, please visit: https://www.seleniumhq.org/exceptions/no_such_element.html
Build info: version: '3.141.59', revision: 'e82be7d358', time: '2018-11-14T08:17:03'
System info: host: 'VAL', ip: '192.168.29.91', os.name: 'Windows 11', os.arch: 'amd64', os.version: '10.0', java.version: '18.0.1.1'
Driver info: org.openqa.selenium.chrome.ChromeDriver
Capabilities {acceptInsecureCerts: false, browserName: chrome, browserVersion: 114.0.5735.199, chrome: {chromedriverVersion: 114.0.5735.90 (386bc09e8f4f..., userDataDir: C:\Users\sagar\AppData\Loca...}, goog:chromeOptions: {debuggerAddress: localhost:63644}, javascriptEnabled: true, networkConnectionEnabled: false, pageLoadStrategy: normal, platform: WINDOWS, platformName: WINDOWS, proxy: Proxy(), setWindowRect: true, strictFileInteractability: false, timeouts: {implicit: 0, pageLoad: 300000, script: 30000}, unhandledPromptBehavior: dismiss and notify, webauthn:extension:credBlob: true, webauthn:extension:largeBlob: true, webauthn:extension:minPinLength: true, webauthn:extension:prf: true, webauthn:virtualAuthenticators: true}
Session ID: e0338a99214814d365ca82967087b92f
*** Element info: {Using=name, value=email}
at org.testng.Assert.fail(Assert.java:97)
at com.buildpiper.capabilities.UICapability.ui_setvalue(UICapability.java:110)
at com.buildpiper.base.Capability.ui_setvalue(Capability.java:137)
at com.buildpiper.pages.LoginPage.login(LoginPage.java:55)
at com.buildpiper.testcases.MajorRelease3_1.createServ(MajorRelease3_1.java:182)
at java.base/jdk.internal.reflect.DirectMethodHandleAccessor.invoke(DirectMethodHandleAccessor.java:104)
at java.base/java.lang.reflect.Method.invoke(Method.java:577)
at org.testng.internal.MethodInvocationHelper.invokeMethod(MethodInvocationHelper.java:134)
at org.testng.internal.TestInvoker.invokeMethod(TestInvoker.java:597)
at org.testng.internal.TestInvoker.invokeTestMethod(TestInvoker.java:173)
at org.testng.internal.MethodRunner.runInSequence(MethodRunner.java:46)
at org.testng.internal.TestInvoker$MethodInvocationAgent.invoke(TestInvoker.java:816)
at org.testng.internal.TestInvoker.invokeTestMethods(TestInvoker.java:146)
at org.testng.internal.TestMethodWorker.invokeTestMethods(TestMethodWorker.java:146)
at org.testng.internal.TestMethodWorker.run(TestMethodWorker.java:128)
at java.base/java.util.ArrayList.forEach(ArrayList.java:1511)
at org.testng.TestRunner.privateRun(TestRunner.java:766)
at org.testng.TestRunner.run(TestRunner.java:587)
at org.testng.SuiteRunner.runTest(SuiteRunner.java:384)
at org.testng.SuiteRunner.runSequentially(SuiteRunner.java:378)
at org.testng.SuiteRunner.privateRun(SuiteRunner.java:337)
at org.testng.SuiteRunner.run(SuiteRunner.java:286)
at org.testng.SuiteRunnerWorker.runSuite(SuiteRunnerWorker.java:53)
at org.testng.SuiteRunnerWorker.run(SuiteRunnerWorker.java:96)
at org.testng.TestNG.runSuitesSequentially(TestNG.java:1187)
at org.testng.TestNG.runSuitesLocally(TestNG.java:1109)
at org.testng.TestNG.runSuites(TestNG.java:1039)
at org.testng.TestNG.run(TestNG.java:1007)
at org.testng.remote.AbstractRemoteTestNG.run(AbstractRemoteTestNG.java:115)
at org.testng.remote.RemoteTestNG.initAndRun(RemoteTestNG.java:251)
at org.testng.remote.RemoteTestNG.main(RemoteTestNG.java:77)
]]>
    </failure>
  </testcase> <!-- createServ -->
  <system-out>
checking if driver exist Getting driver  Getting driver  Launching driver Executing; ui_launch Element USER_NAME Not present on screen Result upload to testlink is disabled, Please ensure you have 'UpdateTestLink=Yes' in project.properties  ####### End of Test Case: createServ #######  </system-out>
  <testcase classname="com.buildpiper.testcases.MajorRelease3_1" name="BuildPipeLine" time="61.284">
    <failure message="Element USER_NAME Not present on screen, Exception: org.openqa.selenium.NoSuchElementException: no such element: Unable to locate element: {&quot;method&quot;:&quot;css selector&quot;,&quot;selector&quot;:&quot;*[name=&#039;email&#039;]&quot;}
  (Session info: chrome=114.0.5735.199)
For documentation on this error, please visit: https://www.seleniumhq.org/exceptions/no_such_element.html
Build info: version: &#039;3.141.59&#039;, revision: &#039;e82be7d358&#039;, time: &#039;2018-11-14T08:17:03&#039;
System info: host: &#039;VAL&#039;, ip: &#039;192.168.29.91&#039;, os.name: &#039;Windows 11&#039;, os.arch: &#039;amd64&#039;, os.version: &#039;10.0&#039;, java.version: &#039;18.0.1.1&#039;
Driver info: org.openqa.selenium.chrome.ChromeDriver
Capabilities {acceptInsecureCerts: false, browserName: chrome, browserVersion: 114.0.5735.199, chrome: {chromedriverVersion: 114.0.5735.90 (386bc09e8f4f..., userDataDir: C:\Users\sagar\AppData\Loca...}, goog:chromeOptions: {debuggerAddress: localhost:63644}, javascriptEnabled: true, networkConnectionEnabled: false, pageLoadStrategy: normal, platform: WINDOWS, platformName: WINDOWS, proxy: Proxy(), setWindowRect: true, strictFileInteractability: false, timeouts: {implicit: 0, pageLoad: 300000, script: 30000}, unhandledPromptBehavior: dismiss and notify, webauthn:extension:credBlob: true, webauthn:extension:largeBlob: true, webauthn:extension:minPinLength: true, webauthn:extension:prf: true, webauthn:virtualAuthenticators: true}
Session ID: e0338a99214814d365ca82967087b92f
*** Element info: {Using=name, value=email}" type="java.lang.AssertionError">
      <![CDATA[java.lang.AssertionError: Element USER_NAME Not present on screen, Exception: org.openqa.selenium.NoSuchElementException: no such element: Unable to locate element: {"method":"css selector","selector":"*[name='email']"}
  (Session info: chrome=114.0.5735.199)
For documentation on this error, please visit: https://www.seleniumhq.org/exceptions/no_such_element.html
Build info: version: '3.141.59', revision: 'e82be7d358', time: '2018-11-14T08:17:03'
System info: host: 'VAL', ip: '192.168.29.91', os.name: 'Windows 11', os.arch: 'amd64', os.version: '10.0', java.version: '18.0.1.1'
Driver info: org.openqa.selenium.chrome.ChromeDriver
Capabilities {acceptInsecureCerts: false, browserName: chrome, browserVersion: 114.0.5735.199, chrome: {chromedriverVersion: 114.0.5735.90 (386bc09e8f4f..., userDataDir: C:\Users\sagar\AppData\Loca...}, goog:chromeOptions: {debuggerAddress: localhost:63644}, javascriptEnabled: true, networkConnectionEnabled: false, pageLoadStrategy: normal, platform: WINDOWS, platformName: WINDOWS, proxy: Proxy(), setWindowRect: true, strictFileInteractability: false, timeouts: {implicit: 0, pageLoad: 300000, script: 30000}, unhandledPromptBehavior: dismiss and notify, webauthn:extension:credBlob: true, webauthn:extension:largeBlob: true, webauthn:extension:minPinLength: true, webauthn:extension:prf: true, webauthn:virtualAuthenticators: true}
Session ID: e0338a99214814d365ca82967087b92f
*** Element info: {Using=name, value=email}
at org.testng.Assert.fail(Assert.java:97)
at com.buildpiper.capabilities.UICapability.ui_setvalue(UICapability.java:110)
at com.buildpiper.base.Capability.ui_setvalue(Capability.java:137)
at com.buildpiper.pages.LoginPage.login(LoginPage.java:55)
at com.buildpiper.testcases.MajorRelease3_1.BuildPipeLine(MajorRelease3_1.java:233)
at java.base/jdk.internal.reflect.DirectMethodHandleAccessor.invoke(DirectMethodHandleAccessor.java:104)
at java.base/java.lang.reflect.Method.invoke(Method.java:577)
at org.testng.internal.MethodInvocationHelper.invokeMethod(MethodInvocationHelper.java:134)
at org.testng.internal.TestInvoker.invokeMethod(TestInvoker.java:597)
at org.testng.internal.TestInvoker.invokeTestMethod(TestInvoker.java:173)
at org.testng.internal.MethodRunner.runInSequence(MethodRunner.java:46)
at org.testng.internal.TestInvoker$MethodInvocationAgent.invoke(TestInvoker.java:816)
at org.testng.internal.TestInvoker.invokeTestMethods(TestInvoker.java:146)
at org.testng.internal.TestMethodWorker.invokeTestMethods(TestMethodWorker.java:146)
at org.testng.internal.TestMethodWorker.run(TestMethodWorker.java:128)
at java.base/java.util.ArrayList.forEach(ArrayList.java:1511)
at org.testng.TestRunner.privateRun(TestRunner.java:766)
at org.testng.TestRunner.run(TestRunner.java:587)
at org.testng.SuiteRunner.runTest(SuiteRunner.java:384)
at org.testng.SuiteRunner.runSequentially(SuiteRunner.java:378)
at org.testng.SuiteRunner.privateRun(SuiteRunner.java:337)
at org.testng.SuiteRunner.run(SuiteRunner.java:286)
at org.testng.SuiteRunnerWorker.runSuite(SuiteRunnerWorker.java:53)
at org.testng.SuiteRunnerWorker.run(SuiteRunnerWorker.java:96)
at org.testng.TestNG.runSuitesSequentially(TestNG.java:1187)
at org.testng.TestNG.runSuitesLocally(TestNG.java:1109)
at org.testng.TestNG.runSuites(TestNG.java:1039)
at org.testng.TestNG.run(TestNG.java:1007)
at org.testng.remote.AbstractRemoteTestNG.run(AbstractRemoteTestNG.java:115)
at org.testng.remote.RemoteTestNG.initAndRun(RemoteTestNG.java:251)
at org.testng.remote.RemoteTestNG.main(RemoteTestNG.java:77)
]]>
    </failure>
  </testcase> <!-- BuildPipeLine -->
  <system-out>
checking if driver exist Getting driver  Getting driver  Launching driver Executing; ui_launch Element USER_NAME Not present on screen Result upload to testlink is disabled, Please ensure you have 'UpdateTestLink=Yes' in project.properties  ####### End of Test Case: BuildPipeLine #######  </system-out>
</testsuite> <!-- com.buildpiper.testcases.MajorRelease3_1 -->
