<?xml version="1.0" encoding="UTF-8"?>
<!-- Generated by org.testng.reporters.JUnitReportReporter -->
<testsuite hostname="Val" failures="0" tests="1" name="com.buildpiper.testcases.MajorRelease3_2" time="20.446" errors="1" timestamp="2023-08-17T14:32:16 IST" skipped="0">
  <testcase classname="com.buildpiper.testcases.MajorRelease3_2" name="configMapAndSecretVersioning" time="20.446">
    <error message="Index 0 out of bounds for length 0" type="java.lang.IndexOutOfBoundsException">
      <![CDATA[java.lang.IndexOutOfBoundsException: Index 0 out of bounds for length 0
at java.base/jdk.internal.util.Preconditions.outOfBounds(Preconditions.java:100)
at java.base/jdk.internal.util.Preconditions.outOfBoundsCheckIndex(Preconditions.java:106)
at java.base/jdk.internal.util.Preconditions.checkIndex(Preconditions.java:302)
at java.base/java.util.Objects.checkIndex(Objects.java:359)
at java.base/java.util.ArrayList.get(ArrayList.java:427)
at java.base/jdk.internal.reflect.DirectMethodHandleAccessor.invoke(DirectMethodHandleAccessor.java:104)
at java.base/java.lang.reflect.Method.invoke(Method.java:577)
at org.openqa.selenium.support.pagefactory.internal.LocatingElementListHandler.invoke(LocatingElementListHandler.java:39)
at jdk.proxy2/jdk.proxy2.$Proxy27.get(Unknown Source)
at com.buildpiper.pages.EnvironmentCreationPage.EnvironmentConfigurationAndAssociateServices(EnvironmentCreationPage.java:227)
at com.buildpiper.testcases.MajorRelease3_2.configMapAndSecretVersioning(MajorRelease3_2.java:144)
at java.base/jdk.internal.reflect.DirectMethodHandleAccessor.invoke(DirectMethodHandleAccessor.java:104)
at java.base/java.lang.reflect.Method.invoke(Method.java:577)
at org.testng.internal.MethodInvocationHelper.invokeMethod(MethodInvocationHelper.java:134)
at org.testng.internal.TestInvoker.invokeMethod(TestInvoker.java:597)
at org.testng.internal.TestInvoker.invokeTestMethod(TestInvoker.java:173)
at org.testng.internal.MethodRunner.runInSequence(MethodRunner.java:46)
at org.testng.internal.TestInvoker$MethodInvocationAgent.invoke(TestInvoker.java:816)
at org.testng.internal.TestInvoker.invokeTestMethods(TestInvoker.java:146)
at org.testng.internal.TestMethodWorker.invokeTestMethods(TestMethodWorker.java:146)
at org.testng.internal.TestMethodWorker.run(TestMethodWorker.java:128)
at java.base/java.util.ArrayList.forEach(ArrayList.java:1511)
at org.testng.TestRunner.privateRun(TestRunner.java:766)
at org.testng.TestRunner.run(TestRunner.java:587)
at org.testng.SuiteRunner.runTest(SuiteRunner.java:384)
at org.testng.SuiteRunner.runSequentially(SuiteRunner.java:378)
at org.testng.SuiteRunner.privateRun(SuiteRunner.java:337)
at org.testng.SuiteRunner.run(SuiteRunner.java:286)
at org.testng.SuiteRunnerWorker.runSuite(SuiteRunnerWorker.java:53)
at org.testng.SuiteRunnerWorker.run(SuiteRunnerWorker.java:96)
at org.testng.TestNG.runSuitesSequentially(TestNG.java:1187)
at org.testng.TestNG.runSuitesLocally(TestNG.java:1109)
at org.testng.TestNG.runSuites(TestNG.java:1039)
at org.testng.TestNG.run(TestNG.java:1007)
at org.testng.remote.AbstractRemoteTestNG.run(AbstractRemoteTestNG.java:115)
at org.testng.remote.RemoteTestNG.initAndRun(RemoteTestNG.java:251)
at org.testng.remote.RemoteTestNG.main(RemoteTestNG.java:77)
]]>
    </error>
  </testcase> <!-- configMapAndSecretVersioning -->
  <system-out>
checking if driver exist Getting driver  Getting driver  Getting driver  Setting driver C:\Users\sagar\Java_Workspace\BP-3.2MajorRelease\Reports\17Aug_143155\configMapAndSecretVersioning_chrome\configMapAndSecretVersioning_chrome_229_Aug_143159.jpg <a href=C:\Users\sagar\Java_Workspace\BP-3.2MajorRelease\Reports\17Aug_143155\configMapAndSecretVersioning_chrome\configMapAndSecretVersioning_chrome_229_Aug_143159.jpg alt='alternative text'>Step</a> Getting driver  C:\Users\sagar\Java_Workspace\BP-3.2MajorRelease\Reports\17Aug_143155\configMapAndSecretVersioning_chrome\configMapAndSecretVersioning_chrome_229_Aug_143159.jpg <a href=C:\Users\sagar\Java_Workspace\BP-3.2MajorRelease\Reports\17Aug_143155\configMapAndSecretVersioning_chrome\configMapAndSecretVersioning_chrome_229_Aug_143159.jpg alt='alternative text'>Step</a> Launching driver C:\Users\sagar\Java_Workspace\BP-3.2MajorRelease\Reports\17Aug_143155\configMapAndSecretVersioning_chrome\configMapAndSecretVersioning_chrome_229_Aug_143159.jpg <a href=C:\Users\sagar\Java_Workspace\BP-3.2MajorRelease\Reports\17Aug_143155\configMapAndSecretVersioning_chrome\configMapAndSecretVersioning_chrome_229_Aug_143159.jpg alt='alternative text'>Step</a> Executing; ui_launch Element [[ChromeDriver: chrome on WINDOWS (d74dd0a7e894843dae78b44a521d5659)] -> name: email]is displayed on screen Setting value on element USER_NAME C:\Users\sagar\Java_Workspace\BP-3.2MajorRelease\Reports\17Aug_143155\configMapAndSecretVersioning_chrome\configMapAndSecretVersioning_chrome_229_Aug_143210.jpg <a href=C:\Users\sagar\Java_Workspace\BP-3.2MajorRelease\Reports\17Aug_143155\configMapAndSecretVersioning_chrome\configMapAndSecretVersioning_chrome_229_Aug_143210.jpg alt='alternative text'>Step</a> Element [[ChromeDriver: chrome on WINDOWS (d74dd0a7e894843dae78b44a521d5659)] -> name: password]is displayed on screen Setting value on element PASSWORD C:\Users\sagar\Java_Workspace\BP-3.2MajorRelease\Reports\17Aug_143155\configMapAndSecretVersioning_chrome\configMapAndSecretVersioning_chrome_229_Aug_143210.jpg <a href=C:\Users\sagar\Java_Workspace\BP-3.2MajorRelease\Reports\17Aug_143155\configMapAndSecretVersioning_chrome\configMapAndSecretVersioning_chrome_229_Aug_143210.jpg alt='alternative text'>Step</a> Element [[ChromeDriver: chrome on WINDOWS (d74dd0a7e894843dae78b44a521d5659)] -> xpath: //button[@type='submit']]is displayed on screen Clicking on element LOGIN_BTN C:\Users\sagar\Java_Workspace\BP-3.2MajorRelease\Reports\17Aug_143155\configMapAndSecretVersioning_chrome\configMapAndSecretVersioning_chrome_229_Aug_143211.jpg <a href=C:\Users\sagar\Java_Workspace\BP-3.2MajorRelease\Reports\17Aug_143155\configMapAndSecretVersioning_chrome\configMapAndSecretVersioning_chrome_229_Aug_143211.jpg alt='alternative text'>Step</a> Successful navigation is validated for LoginPage Getting driver  C:\Users\sagar\Java_Workspace\BP-3.2MajorRelease\Reports\17Aug_143155\configMapAndSecretVersioning_chrome\configMapAndSecretVersioning_chrome_229_Aug_143211.jpg <a href=C:\Users\sagar\Java_Workspace\BP-3.2MajorRelease\Reports\17Aug_143155\configMapAndSecretVersioning_chrome\configMapAndSecretVersioning_chrome_229_Aug_143211.jpg alt='alternative text'>Step</a> checking if driver exist C:\Users\sagar\Java_Workspace\BP-3.2MajorRelease\Reports\17Aug_143155\configMapAndSecretVersioning_chrome\configMapAndSecretVersioning_chrome_229_Aug_143212.jpg <a href=C:\Users\sagar\Java_Workspace\BP-3.2MajorRelease\Reports\17Aug_143155\configMapAndSecretVersioning_chrome\configMapAndSecretVersioning_chrome_229_Aug_143212.jpg alt='alternative text'>Step</a> Getting driver  C:\Users\sagar\Java_Workspace\BP-3.2MajorRelease\Reports\17Aug_143155\configMapAndSecretVersioning_chrome\configMapAndSecretVersioning_chrome_229_Aug_143212.jpg <a href=C:\Users\sagar\Java_Workspace\BP-3.2MajorRelease\Reports\17Aug_143155\configMapAndSecretVersioning_chrome\configMapAndSecretVersioning_chrome_229_Aug_143212.jpg alt='alternative text'>Step</a> Getting driver  C:\Users\sagar\Java_Workspace\BP-3.2MajorRelease\Reports\17Aug_143155\configMapAndSecretVersioning_chrome\configMapAndSecretVersioning_chrome_229_Aug_143213.jpg <a href=C:\Users\sagar\Java_Workspace\BP-3.2MajorRelease\Reports\17Aug_143155\configMapAndSecretVersioning_chrome\configMapAndSecretVersioning_chrome_229_Aug_143213.jpg alt='alternative text'>Step</a> checking if driver exist C:\Users\sagar\Java_Workspace\BP-3.2MajorRelease\Reports\17Aug_143155\configMapAndSecretVersioning_chrome\configMapAndSecretVersioning_chrome_229_Aug_143213.jpg <a href=C:\Users\sagar\Java_Workspace\BP-3.2MajorRelease\Reports\17Aug_143155\configMapAndSecretVersioning_chrome\configMapAndSecretVersioning_chrome_229_Aug_143213.jpg alt='alternative text'>Step</a> Getting driver  C:\Users\sagar\Java_Workspace\BP-3.2MajorRelease\Reports\17Aug_143155\configMapAndSecretVersioning_chrome\configMapAndSecretVersioning_chrome_229_Aug_143213.jpg <a href=C:\Users\sagar\Java_Workspace\BP-3.2MajorRelease\Reports\17Aug_143155\configMapAndSecretVersioning_chrome\configMapAndSecretVersioning_chrome_229_Aug_143213.jpg alt='alternative text'>Step</a> Getting driver  C:\Users\sagar\Java_Workspace\BP-3.2MajorRelease\Reports\17Aug_143155\configMapAndSecretVersioning_chrome\configMapAndSecretVersioning_chrome_229_Aug_143214.jpg <a href=C:\Users\sagar\Java_Workspace\BP-3.2MajorRelease\Reports\17Aug_143155\configMapAndSecretVersioning_chrome\configMapAndSecretVersioning_chrome_229_Aug_143214.jpg alt='alternative text'>Step</a> Element [[ChromeDriver: chrome on WINDOWS (d74dd0a7e894843dae78b44a521d5659)] -> xpath: //button[@type='button' and @aria-controls='menu-appbar']//div//div]is displayed on screen Clicking on element userMenuAppBar C:\Users\sagar\Java_Workspace\BP-3.2MajorRelease\Reports\17Aug_143155\configMapAndSecretVersioning_chrome\configMapAndSecretVersioning_chrome_229_Aug_143215.jpg <a href=C:\Users\sagar\Java_Workspace\BP-3.2MajorRelease\Reports\17Aug_143155\configMapAndSecretVersioning_chrome\configMapAndSecretVersioning_chrome_229_Aug_143215.jpg alt='alternative text'>Step</a> Element [[ChromeDriver: chrome on WINDOWS (d74dd0a7e894843dae78b44a521d5659)] -> xpath: //button[contains(@class,'btn-link-green')][text()=' Switch to User Portal']]is displayed on screen Clicking on element switching to user account C:\Users\sagar\Java_Workspace\BP-3.2MajorRelease\Reports\17Aug_143155\configMapAndSecretVersioning_chrome\configMapAndSecretVersioning_chrome_229_Aug_143215.jpg <a href=C:\Users\sagar\Java_Workspace\BP-3.2MajorRelease\Reports\17Aug_143155\configMapAndSecretVersioning_chrome\configMapAndSecretVersioning_chrome_229_Aug_143215.jpg alt='alternative text'>Step</a> checking if driver exist C:\Users\sagar\Java_Workspace\BP-3.2MajorRelease\Reports\17Aug_143155\configMapAndSecretVersioning_chrome\configMapAndSecretVersioning_chrome_229_Aug_143215.jpg <a href=C:\Users\sagar\Java_Workspace\BP-3.2MajorRelease\Reports\17Aug_143155\configMapAndSecretVersioning_chrome\configMapAndSecretVersioning_chrome_229_Aug_143215.jpg alt='alternative text'>Step</a> Getting driver  C:\Users\sagar\Java_Workspace\BP-3.2MajorRelease\Reports\17Aug_143155\configMapAndSecretVersioning_chrome\configMapAndSecretVersioning_chrome_229_Aug_143215.jpg <a href=C:\Users\sagar\Java_Workspace\BP-3.2MajorRelease\Reports\17Aug_143155\configMapAndSecretVersioning_chrome\configMapAndSecretVersioning_chrome_229_Aug_143215.jpg alt='alternative text'>Step</a> Getting driver  C:\Users\sagar\Java_Workspace\BP-3.2MajorRelease\Reports\17Aug_143155\configMapAndSecretVersioning_chrome\configMapAndSecretVersioning_chrome_229_Aug_143215.jpg <a href=C:\Users\sagar\Java_Workspace\BP-3.2MajorRelease\Reports\17Aug_143155\configMapAndSecretVersioning_chrome\configMapAndSecretVersioning_chrome_229_Aug_143215.jpg alt='alternative text'>Step</a> Result upload to testlink is disabled, Please ensure you have 'UpdateTestLink=Yes' in project.properties  ####### End of Test Case: configMapAndSecretVersioning #######  </system-out>
</testsuite> <!-- com.buildpiper.testcases.MajorRelease3_2 -->
