<html>
<head>
<title>TestNG:  testname</title>
<link href="../testng.css" rel="stylesheet" type="text/css" />
<link href="../my-testng.css" rel="stylesheet" type="text/css" />

<style type="text/css">
.log { display: none;} 
.stack-trace { display: none;} 
</style>
<script type="text/javascript">
<!--
function flip(e) {
  current = e.style.display;
  if (current == 'block') {
    e.style.display = 'none';
    return 0;
  }
  else {
    e.style.display = 'block';
    return 1;
  }
}

function toggleBox(szDivId, elem, msg1, msg2)
{
  var res = -1;  if (document.getElementById) {
    res = flip(document.getElementById(szDivId));
  }
  else if (document.all) {
    // this is the way old msie versions work
    res = flip(document.all[szDivId]);
  }
  if(elem) {
    if(res == 0) elem.innerHTML = msg1; else elem.innerHTML = msg2;
  }

}

function toggleAllBoxes() {
  if (document.getElementsByTagName) {
    d = document.getElementsByTagName('div');
    for (i = 0; i < d.length; i++) {
      if (d[i].className == 'log') {
        flip(d[i]);
      }
    }
  }
}

// -->
</script>

</head>
<body>
<h2 align='center'>testname</h2><table border='1' align="center">
<tr>
<td>Tests passed/Failed/Skipped:</td><td>0/1/0</td>
</tr><tr>
<td>Started on:</td><td>Tue May 09 13:57:31 IST 2023</td>
</tr>
<tr><td>Total time:</td><td>54 seconds (54353 ms)</td>
</tr><tr>
<td>Included groups:</td><td>Regression </td>
</tr><tr>
<td>Excluded groups:</td><td></td>
</tr>
</table><p/>
<small><i>(Hover the method name to see the test class name)</i></small><p/>
<table width='100%' border='1' class='invocation-failed'>
<tr><td colspan='4' align='center'><b>FAILED TESTS</b></td></tr>
<tr><td><b>Test method</b></td>
<td width="30%"><b>Exception</b></td>
<td width="10%"><b>Time (seconds)</b></td>
<td><b>Instance</b></td>
</tr>
<tr>
<td title='com.opstree.demo.OpstreeBuildPipeLine.BuildPipeLine()'><b>BuildPipeLine</b><br>Test class: com.opstree.demo.OpstreeBuildPipeLine<br/>
<a href="#Output-1243102466" onClick='toggleBox("Output-1243102466", this, "Show output", "Hide output");'>Show output</a>

<a href="#Output-1243102466" onClick="toggleAllBoxes();">Show all outputs</a>
<div class='log' id="Output-1243102466">
checking if driver exist<br/>
Getting driver <br/>
Getting driver <br/>
Getting driver <br/>
Setting driver<br/>
C:\Users\sagar\Java_Workspace\sc-qa-taf-analytics\Reports\09May_135732\BuildPipeLine_chrome\BuildPipeLine_chrome_129_May_135738.jpg<br/>
<a href=C:\Users\sagar\Java_Workspace\sc-qa-taf-analytics\Reports\09May_135732\BuildPipeLine_chrome\BuildPipeLine_chrome_129_May_135738.jpg alt='alternative text'>Step</a><br/>
Getting driver <br/>
C:\Users\sagar\Java_Workspace\sc-qa-taf-analytics\Reports\09May_135732\BuildPipeLine_chrome\BuildPipeLine_chrome_129_May_135738.jpg<br/>
<a href=C:\Users\sagar\Java_Workspace\sc-qa-taf-analytics\Reports\09May_135732\BuildPipeLine_chrome\BuildPipeLine_chrome_129_May_135738.jpg alt='alternative text'>Step</a><br/>
Launching driver<br/>
C:\Users\sagar\Java_Workspace\sc-qa-taf-analytics\Reports\09May_135732\BuildPipeLine_chrome\BuildPipeLine_chrome_129_May_135739.jpg<br/>
<a href=C:\Users\sagar\Java_Workspace\sc-qa-taf-analytics\Reports\09May_135732\BuildPipeLine_chrome\BuildPipeLine_chrome_129_May_135739.jpg alt='alternative text'>Step</a><br/>
Executing; ui_launch<br/>
Setting value on element USER_NAME<br/>
C:\Users\sagar\Java_Workspace\sc-qa-taf-analytics\Reports\09May_135732\BuildPipeLine_chrome\BuildPipeLine_chrome_129_May_135741.jpg<br/>
<a href=C:\Users\sagar\Java_Workspace\sc-qa-taf-analytics\Reports\09May_135732\BuildPipeLine_chrome\BuildPipeLine_chrome_129_May_135741.jpg alt='alternative text'>Step</a><br/>
Setting value on element PASSWORD<br/>
C:\Users\sagar\Java_Workspace\sc-qa-taf-analytics\Reports\09May_135732\BuildPipeLine_chrome\BuildPipeLine_chrome_129_May_135742.jpg<br/>
<a href=C:\Users\sagar\Java_Workspace\sc-qa-taf-analytics\Reports\09May_135732\BuildPipeLine_chrome\BuildPipeLine_chrome_129_May_135742.jpg alt='alternative text'>Step</a><br/>
Clicking on element LOGIN_BTN<br/>
C:\Users\sagar\Java_Workspace\sc-qa-taf-analytics\Reports\09May_135732\BuildPipeLine_chrome\BuildPipeLine_chrome_129_May_135742.jpg<br/>
<a href=C:\Users\sagar\Java_Workspace\sc-qa-taf-analytics\Reports\09May_135732\BuildPipeLine_chrome\BuildPipeLine_chrome_129_May_135742.jpg alt='alternative text'>Step</a><br/>
Element is present [[ChromeDriver: chrome on WINDOWS (11ac35a98508d47c67e0c61eb275da40)] -> xpath: //main//div[contains(text(),'Apps Summary')]]<br/>
C:\Users\sagar\Java_Workspace\sc-qa-taf-analytics\Reports\09May_135732\BuildPipeLine_chrome\BuildPipeLine_chrome_129_May_135744.jpg<br/>
<a href=C:\Users\sagar\Java_Workspace\sc-qa-taf-analytics\Reports\09May_135732\BuildPipeLine_chrome\BuildPipeLine_chrome_129_May_135744.jpg alt='alternative text'>Step</a><br/>
Successful navigation is validated for LoginPage<br/>
Getting driver <br/>
C:\Users\sagar\Java_Workspace\sc-qa-taf-analytics\Reports\09May_135732\BuildPipeLine_chrome\BuildPipeLine_chrome_129_May_135744.jpg<br/>
<a href=C:\Users\sagar\Java_Workspace\sc-qa-taf-analytics\Reports\09May_135732\BuildPipeLine_chrome\BuildPipeLine_chrome_129_May_135744.jpg alt='alternative text'>Step</a><br/>
checking if driver exist<br/>
C:\Users\sagar\Java_Workspace\sc-qa-taf-analytics\Reports\09May_135732\BuildPipeLine_chrome\BuildPipeLine_chrome_129_May_135744.jpg<br/>
<a href=C:\Users\sagar\Java_Workspace\sc-qa-taf-analytics\Reports\09May_135732\BuildPipeLine_chrome\BuildPipeLine_chrome_129_May_135744.jpg alt='alternative text'>Step</a><br/>
Getting driver <br/>
C:\Users\sagar\Java_Workspace\sc-qa-taf-analytics\Reports\09May_135732\BuildPipeLine_chrome\BuildPipeLine_chrome_129_May_135744.jpg<br/>
<a href=C:\Users\sagar\Java_Workspace\sc-qa-taf-analytics\Reports\09May_135732\BuildPipeLine_chrome\BuildPipeLine_chrome_129_May_135744.jpg alt='alternative text'>Step</a><br/>
Getting driver <br/>
C:\Users\sagar\Java_Workspace\sc-qa-taf-analytics\Reports\09May_135732\BuildPipeLine_chrome\BuildPipeLine_chrome_129_May_135745.jpg<br/>
<a href=C:\Users\sagar\Java_Workspace\sc-qa-taf-analytics\Reports\09May_135732\BuildPipeLine_chrome\BuildPipeLine_chrome_129_May_135745.jpg alt='alternative text'>Step</a><br/>
checking if driver exist<br/>
C:\Users\sagar\Java_Workspace\sc-qa-taf-analytics\Reports\09May_135732\BuildPipeLine_chrome\BuildPipeLine_chrome_129_May_135745.jpg<br/>
<a href=C:\Users\sagar\Java_Workspace\sc-qa-taf-analytics\Reports\09May_135732\BuildPipeLine_chrome\BuildPipeLine_chrome_129_May_135745.jpg alt='alternative text'>Step</a><br/>
Getting driver <br/>
C:\Users\sagar\Java_Workspace\sc-qa-taf-analytics\Reports\09May_135732\BuildPipeLine_chrome\BuildPipeLine_chrome_129_May_135745.jpg<br/>
<a href=C:\Users\sagar\Java_Workspace\sc-qa-taf-analytics\Reports\09May_135732\BuildPipeLine_chrome\BuildPipeLine_chrome_129_May_135745.jpg alt='alternative text'>Step</a><br/>
Getting driver <br/>
C:\Users\sagar\Java_Workspace\sc-qa-taf-analytics\Reports\09May_135732\BuildPipeLine_chrome\BuildPipeLine_chrome_129_May_135745.jpg<br/>
<a href=C:\Users\sagar\Java_Workspace\sc-qa-taf-analytics\Reports\09May_135732\BuildPipeLine_chrome\BuildPipeLine_chrome_129_May_135745.jpg alt='alternative text'>Step</a><br/>
Element is present [[ChromeDriver: chrome on WINDOWS (11ac35a98508d47c67e0c61eb275da40)] -> xpath: //li//button[contains(@class,'main-nav-1')][contains(.,'poc-qa')]]<br/>
C:\Users\sagar\Java_Workspace\sc-qa-taf-analytics\Reports\09May_135732\BuildPipeLine_chrome\BuildPipeLine_chrome_129_May_135746.jpg<br/>
<a href=C:\Users\sagar\Java_Workspace\sc-qa-taf-analytics\Reports\09May_135732\BuildPipeLine_chrome\BuildPipeLine_chrome_129_May_135746.jpg alt='alternative text'>Step</a><br/>
Clicking on element Poc_QA project<br/>
C:\Users\sagar\Java_Workspace\sc-qa-taf-analytics\Reports\09May_135732\BuildPipeLine_chrome\BuildPipeLine_chrome_129_May_135746.jpg<br/>
<a href=C:\Users\sagar\Java_Workspace\sc-qa-taf-analytics\Reports\09May_135732\BuildPipeLine_chrome\BuildPipeLine_chrome_129_May_135746.jpg alt='alternative text'>Step</a><br/>
Clicking on element Poc_QA pipelineOverviewLink<br/>
C:\Users\sagar\Java_Workspace\sc-qa-taf-analytics\Reports\09May_135732\BuildPipeLine_chrome\BuildPipeLine_chrome_129_May_135746.jpg<br/>
<a href=C:\Users\sagar\Java_Workspace\sc-qa-taf-analytics\Reports\09May_135732\BuildPipeLine_chrome\BuildPipeLine_chrome_129_May_135746.jpg alt='alternative text'>Step</a><br/>
Element is present [[ChromeDriver: chrome on WINDOWS (11ac35a98508d47c67e0c61eb275da40)] -> xpath: //div[@class='service-name']//a[contains(.,'Build-pipeline')]]<br/>
C:\Users\sagar\Java_Workspace\sc-qa-taf-analytics\Reports\09May_135732\BuildPipeLine_chrome\BuildPipeLine_chrome_129_May_135747.jpg<br/>
<a href=C:\Users\sagar\Java_Workspace\sc-qa-taf-analytics\Reports\09May_135732\BuildPipeLine_chrome\BuildPipeLine_chrome_129_May_135747.jpg alt='alternative text'>Step</a><br/>
Clicking on element Poc_QA execution Start<br/>
C:\Users\sagar\Java_Workspace\sc-qa-taf-analytics\Reports\09May_135732\BuildPipeLine_chrome\BuildPipeLine_chrome_129_May_135747.jpg<br/>
<a href=C:\Users\sagar\Java_Workspace\sc-qa-taf-analytics\Reports\09May_135732\BuildPipeLine_chrome\BuildPipeLine_chrome_129_May_135747.jpg alt='alternative text'>Step</a><br/>
Element is present [[ChromeDriver: chrome on WINDOWS (11ac35a98508d47c67e0c61eb275da40)] -> xpath: //div[@class='service-name']//a[contains(.,'Build-pipeline')]]<br/>
C:\Users\sagar\Java_Workspace\sc-qa-taf-analytics\Reports\09May_135732\BuildPipeLine_chrome\BuildPipeLine_chrome_129_May_135752.jpg<br/>
<a href=C:\Users\sagar\Java_Workspace\sc-qa-taf-analytics\Reports\09May_135732\BuildPipeLine_chrome\BuildPipeLine_chrome_129_May_135752.jpg alt='alternative text'>Step</a><br/>
Clicking on element Poc_QA execution Start<br/>
C:\Users\sagar\Java_Workspace\sc-qa-taf-analytics\Reports\09May_135732\BuildPipeLine_chrome\BuildPipeLine_chrome_129_May_135753.jpg<br/>
<a href=C:\Users\sagar\Java_Workspace\sc-qa-taf-analytics\Reports\09May_135732\BuildPipeLine_chrome\BuildPipeLine_chrome_129_May_135753.jpg alt='alternative text'>Step</a><br/>
Element is present [[ChromeDriver: chrome on WINDOWS (11ac35a98508d47c67e0c61eb275da40)] -> xpath: //a[@title='view logs']]<br/>
C:\Users\sagar\Java_Workspace\sc-qa-taf-analytics\Reports\09May_135732\BuildPipeLine_chrome\BuildPipeLine_chrome_129_May_135753.jpg<br/>
<a href=C:\Users\sagar\Java_Workspace\sc-qa-taf-analytics\Reports\09May_135732\BuildPipeLine_chrome\BuildPipeLine_chrome_129_May_135753.jpg alt='alternative text'>Step</a><br/>
Clicking on element Poc_QA click on View Logs<br/>
C:\Users\sagar\Java_Workspace\sc-qa-taf-analytics\Reports\09May_135732\BuildPipeLine_chrome\BuildPipeLine_chrome_129_May_135754.jpg<br/>
<a href=C:\Users\sagar\Java_Workspace\sc-qa-taf-analytics\Reports\09May_135732\BuildPipeLine_chrome\BuildPipeLine_chrome_129_May_135754.jpg alt='alternative text'>Step</a><br/>
####### End of Test Case: BuildPipeLine #######<br/>
closing driver<br/>
C:\Users\sagar\Java_Workspace\sc-qa-taf-analytics\Reports\09May_135732\BuildPipeLine_chrome\BuildPipeLine_chrome_129_May_135825.jpg<br/>
<a href=C:\Users\sagar\Java_Workspace\sc-qa-taf-analytics\Reports\09May_135732\BuildPipeLine_chrome\BuildPipeLine_chrome_129_May_135825.jpg alt='alternative text'>Step</a><br/>
</div>
</td>
<td><div><pre>org.openqa.selenium.NoSuchElementException: no such element: Unable to locate element: {&quot;method&quot;:&quot;xpath&quot;,&quot;selector&quot;:&quot;//div[@class=&apos;md-step active md-step-log&apos;]//div[@class=&apos;md-step-circle success&apos;]/..//div[contains(.,&apos;Post Hooks Executing&apos;)]&quot;}
  (Session info: chrome=112.0.5615.139)
For documentation on this error, please visit: https://www.seleniumhq.org/exceptions/no_such_element.html
Build info: version: &apos;3.141.59&apos;, revision: &apos;e82be7d358&apos;, time: &apos;2018-11-14T08:17:03&apos;
System info: host: &apos;VAL&apos;, ip: &apos;192.168.29.91&apos;, os.name: &apos;Windows 11&apos;, os.arch: &apos;amd64&apos;, os.version: &apos;10.0&apos;, java.version: &apos;18.0.1.1&apos;
Driver info: org.openqa.selenium.chrome.ChromeDriver
Capabilities {acceptInsecureCerts: false, browserName: chrome, browserVersion: 112.0.5615.139, chrome: {chromedriverVersion: 112.0.5615.49 (bd2a7bcb881c..., userDataDir: C:\Users\sagar\AppData\Loca...}, goog:chromeOptions: {debuggerAddress: localhost:62829}, javascriptEnabled: true, networkConnectionEnabled: false, pageLoadStrategy: normal, platform: WINDOWS, platformName: WINDOWS, proxy: Proxy(), setWindowRect: true, strictFileInteractability: false, timeouts: {implicit: 0, pageLoad: 300000, script: 30000}, unhandledPromptBehavior: dismiss and notify, webauthn:extension:credBlob: true, webauthn:extension:largeBlob: true, webauthn:extension:minPinLength: true, webauthn:extension:prf: true, webauthn:virtualAuthenticators: true}
Session ID: 11ac35a98508d47c67e0c61eb275da40
*** Element info: {Using=xpath, value=//div[@class=&apos;md-step active md-step-log&apos;]//div[@class=&apos;md-step-circle success&apos;]/..//div[contains(.,&apos;Post Hooks Executing&apos;)]}
	at org.openqa.selenium.remote.http.W3CHttpResponseCodec.createException(W3CHttpResponseCodec.java:187)
	at org.openqa.selenium.remote.http.W3CHttpResponseCodec.decode(W3CHttpResponseCodec.java:122)
	at org.openqa.selenium.remote.http.W3CHttpResponseCodec.decode(W3CHttpResponseCodec.java:49)
	at org.openqa.selenium.remote.HttpCommandExecutor.execute(HttpCommandExecutor.java:158)
	at org.openqa.selenium.remote.service.DriverCommandExecutor.execute(DriverCommandExecutor.java:83)
	at org.openqa.selenium.remote.RemoteWebDriver.execute(RemoteWebDriver.java:552)
	at org.openqa.selenium.remote.RemoteWebDriver.findElement(RemoteWebDriver.java:323)
	at org.openqa.selenium.remote.RemoteWebDriver.findElementByXPath(RemoteWebDriver.java:428)
	at org.openqa.selenium.By$ByXPath.findElement(By.java:353)
	at org.openqa.selenium.remote.RemoteWebDriver.findElement(RemoteWebDriver.java:315)
	at org.openqa.selenium.support.pagefactory.DefaultElementLocator.findElement(DefaultElementLocator.java:69)
	at org.openqa.selenium.support.pagefactory.internal.LocatingElementHandler.invoke(LocatingElementHandler.java:38)
	at jdk.proxy2/jdk.proxy2.$Proxy19.isDisplayed(Unknown Source)
	at com.supplycopia.capabilities.UICapability.ui_IsElementDisplay(UICapability.java:183)
	at com.supplycopia.base.Capability.ui_IsElementDisplay(Capability.java:239)
	at com.supplycopia.analytics.pages.BuildPipeLinePage.buildAndValidateConsolePage(BuildPipeLinePage.java:66)
	at com.opstree.demo.OpstreeBuildPipeLine.BuildPipeLine(OpstreeBuildPipeLine.java:26)
	at java.base/java.util.ArrayList.forEach(ArrayList.java:1511)
... Removed 28 stack frames</pre></div><a href='#' onClick='toggleBox("stack-trace1243102466", this, "Click to show all stack frames", "Click to hide stack frames")'>Click to show all stack frames</a>
<div class='stack-trace' id='stack-trace1243102466'><pre>org.openqa.selenium.NoSuchElementException: no such element: Unable to locate element: {&quot;method&quot;:&quot;xpath&quot;,&quot;selector&quot;:&quot;//div[@class=&apos;md-step active md-step-log&apos;]//div[@class=&apos;md-step-circle success&apos;]/..//div[contains(.,&apos;Post Hooks Executing&apos;)]&quot;}
  (Session info: chrome=112.0.5615.139)
For documentation on this error, please visit: https://www.seleniumhq.org/exceptions/no_such_element.html
Build info: version: &apos;3.141.59&apos;, revision: &apos;e82be7d358&apos;, time: &apos;2018-11-14T08:17:03&apos;
System info: host: &apos;VAL&apos;, ip: &apos;192.168.29.91&apos;, os.name: &apos;Windows 11&apos;, os.arch: &apos;amd64&apos;, os.version: &apos;10.0&apos;, java.version: &apos;18.0.1.1&apos;
Driver info: org.openqa.selenium.chrome.ChromeDriver
Capabilities {acceptInsecureCerts: false, browserName: chrome, browserVersion: 112.0.5615.139, chrome: {chromedriverVersion: 112.0.5615.49 (bd2a7bcb881c..., userDataDir: C:\Users\sagar\AppData\Loca...}, goog:chromeOptions: {debuggerAddress: localhost:62829}, javascriptEnabled: true, networkConnectionEnabled: false, pageLoadStrategy: normal, platform: WINDOWS, platformName: WINDOWS, proxy: Proxy(), setWindowRect: true, strictFileInteractability: false, timeouts: {implicit: 0, pageLoad: 300000, script: 30000}, unhandledPromptBehavior: dismiss and notify, webauthn:extension:credBlob: true, webauthn:extension:largeBlob: true, webauthn:extension:minPinLength: true, webauthn:extension:prf: true, webauthn:virtualAuthenticators: true}
Session ID: 11ac35a98508d47c67e0c61eb275da40
*** Element info: {Using=xpath, value=//div[@class=&apos;md-step active md-step-log&apos;]//div[@class=&apos;md-step-circle success&apos;]/..//div[contains(.,&apos;Post Hooks Executing&apos;)]}
	at java.base/jdk.internal.reflect.DirectConstructorHandleAccessor.newInstance(DirectConstructorHandleAccessor.java:67)
	at java.base/java.lang.reflect.Constructor.newInstanceWithCaller(Constructor.java:499)
	at java.base/java.lang.reflect.Constructor.newInstance(Constructor.java:483)
	at org.openqa.selenium.remote.http.W3CHttpResponseCodec.createException(W3CHttpResponseCodec.java:187)
	at org.openqa.selenium.remote.http.W3CHttpResponseCodec.decode(W3CHttpResponseCodec.java:122)
	at org.openqa.selenium.remote.http.W3CHttpResponseCodec.decode(W3CHttpResponseCodec.java:49)
	at org.openqa.selenium.remote.HttpCommandExecutor.execute(HttpCommandExecutor.java:158)
	at org.openqa.selenium.remote.service.DriverCommandExecutor.execute(DriverCommandExecutor.java:83)
	at org.openqa.selenium.remote.RemoteWebDriver.execute(RemoteWebDriver.java:552)
	at org.openqa.selenium.remote.RemoteWebDriver.findElement(RemoteWebDriver.java:323)
	at org.openqa.selenium.remote.RemoteWebDriver.findElementByXPath(RemoteWebDriver.java:428)
	at org.openqa.selenium.By$ByXPath.findElement(By.java:353)
	at org.openqa.selenium.remote.RemoteWebDriver.findElement(RemoteWebDriver.java:315)
	at org.openqa.selenium.support.pagefactory.DefaultElementLocator.findElement(DefaultElementLocator.java:69)
	at org.openqa.selenium.support.pagefactory.internal.LocatingElementHandler.invoke(LocatingElementHandler.java:38)
	at jdk.proxy2/jdk.proxy2.$Proxy19.isDisplayed(Unknown Source)
	at com.supplycopia.capabilities.UICapability.ui_IsElementDisplay(UICapability.java:183)
	at com.supplycopia.base.Capability.ui_IsElementDisplay(Capability.java:239)
	at com.supplycopia.analytics.pages.BuildPipeLinePage.buildAndValidateConsolePage(BuildPipeLinePage.java:66)
	at com.opstree.demo.OpstreeBuildPipeLine.BuildPipeLine(OpstreeBuildPipeLine.java:26)
	at java.base/jdk.internal.reflect.DirectMethodHandleAccessor.invoke(DirectMethodHandleAccessor.java:104)
	at java.base/java.lang.reflect.Method.invoke(Method.java:577)
	at org.testng.internal.MethodInvocationHelper.invokeMethod(MethodInvocationHelper.java:134)
	at org.testng.internal.TestInvoker.invokeMethod(TestInvoker.java:597)
	at org.testng.internal.TestInvoker.invokeTestMethod(TestInvoker.java:173)
	at org.testng.internal.MethodRunner.runInSequence(MethodRunner.java:46)
	at org.testng.internal.TestInvoker$MethodInvocationAgent.invoke(TestInvoker.java:816)
	at org.testng.internal.TestInvoker.invokeTestMethods(TestInvoker.java:146)
	at org.testng.internal.TestMethodWorker.invokeTestMethods(TestMethodWorker.java:146)
	at org.testng.internal.TestMethodWorker.run(TestMethodWorker.java:128)
	at java.base/java.util.ArrayList.forEach(ArrayList.java:1511)
	at org.testng.TestRunner.privateRun(TestRunner.java:766)
	at org.testng.TestRunner.run(TestRunner.java:587)
	at org.testng.SuiteRunner.runTest(SuiteRunner.java:384)
	at org.testng.SuiteRunner.runSequentially(SuiteRunner.java:378)
	at org.testng.SuiteRunner.privateRun(SuiteRunner.java:337)
	at org.testng.SuiteRunner.run(SuiteRunner.java:286)
	at org.testng.SuiteRunnerWorker.runSuite(SuiteRunnerWorker.java:53)
	at org.testng.SuiteRunnerWorker.run(SuiteRunnerWorker.java:96)
	at org.testng.TestNG.runSuitesSequentially(TestNG.java:1187)
	at org.testng.TestNG.runSuitesLocally(TestNG.java:1109)
	at org.testng.TestNG.runSuites(TestNG.java:1039)
	at org.testng.TestNG.run(TestNG.java:1007)
	at org.testng.remote.AbstractRemoteTestNG.run(AbstractRemoteTestNG.java:115)
	at org.testng.remote.RemoteTestNG.initAndRun(RemoteTestNG.java:251)
	at org.testng.remote.RemoteTestNG.main(RemoteTestNG.java:77)
</pre></div></td>
<td>51</td>
<td>com.opstree.demo.OpstreeBuildPipeLine@595b007d</td></tr>
</table><p>
</body>
</html>